{"D:\\Beneficiate\\backend_beneficiate\\server.js": {"path":"D:\\Beneficiate\\backend_beneficiate\\server.js","statementMap":{"0":{"start":{"line":1,"column":16},"end":{"line":1,"column":34}},"1":{"start":{"line":2,"column":13},"end":{"line":2,"column":28}},"2":{"start":{"line":3,"column":15},"end":{"line":3,"column":32}},"3":{"start":{"line":4,"column":0},"end":{"line":4,"column":27}},"4":{"start":{"line":5,"column":15},"end":{"line":5,"column":38}},"5":{"start":{"line":6,"column":25},"end":{"line":6,"column":53}},"6":{"start":{"line":7,"column":13},"end":{"line":7,"column":28}},"7":{"start":{"line":8,"column":0},"end":{"line":8,"column":60}},"8":{"start":{"line":9,"column":21},"end":{"line":9,"column":66}},"9":{"start":{"line":11,"column":13},"end":{"line":11,"column":28}},"10":{"start":{"line":14,"column":4},"end":{"line":14,"column":48}},"11":{"start":{"line":16,"column":12},"end":{"line":16,"column":21}},"12":{"start":{"line":19,"column":0},"end":{"line":19,"column":31}},"13":{"start":{"line":20,"column":0},"end":{"line":20,"column":41}},"14":{"start":{"line":21,"column":0},"end":{"line":21,"column":23}},"15":{"start":{"line":23,"column":15},"end":{"line":23,"column":37}},"16":{"start":{"line":26,"column":0},"end":{"line":26,"column":28}},"17":{"start":{"line":28,"column":0},"end":{"line":28,"column":65}},"18":{"start":{"line":29,"column":0},"end":{"line":29,"column":73}},"19":{"start":{"line":32,"column":0},"end":{"line":32,"column":27}},"20":{"start":{"line":34,"column":0},"end":{"line":37,"column":3}},"21":{"start":{"line":35,"column":2},"end":{"line":35,"column":57}},"22":{"start":{"line":36,"column":2},"end":{"line":36,"column":45}},"23":{"start":{"line":40,"column":0},"end":{"line":40,"column":22}},"24":{"start":{"line":42,"column":13},"end":{"line":42,"column":37}},"25":{"start":{"line":43,"column":0},"end":{"line":46,"column":3}},"26":{"start":{"line":44,"column":2},"end":{"line":44,"column":51}}},"fnMap":{"0":{"name":"(anonymous_0)","decl":{"start":{"line":34,"column":13},"end":{"line":34,"column":14}},"loc":{"start":{"line":34,"column":27},"end":{"line":37,"column":1}},"line":34},"1":{"name":"(anonymous_1)","decl":{"start":{"line":43,"column":20},"end":{"line":43,"column":21}},"loc":{"start":{"line":43,"column":26},"end":{"line":46,"column":1}},"line":43}},"branchMap":{"0":{"loc":{"start":{"line":42,"column":13},"end":{"line":42,"column":37}},"type":"binary-expr","locations":[{"start":{"line":42,"column":13},"end":{"line":42,"column":29}},{"start":{"line":42,"column":33},"end":{"line":42,"column":37}}],"line":42}},"s":{"0":1,"1":1,"2":1,"3":1,"4":1,"5":1,"6":1,"7":1,"8":1,"9":1,"10":1,"11":1,"12":1,"13":1,"14":1,"15":1,"16":1,"17":1,"18":1,"19":1,"20":1,"21":0,"22":0,"23":1,"24":1,"25":1,"26":0},"f":{"0":0,"1":0},"b":{"0":[1,0]},"_coverageSchema":"1a1c01bbd47fc00a2c39e90264f33305004495a9","hash":"4dd84f2a2b7061935325fbb40658cea685040a6b"}
,"D:\\Beneficiate\\backend_beneficiate\\src\\routes.js": {"path":"D:\\Beneficiate\\backend_beneficiate\\src\\routes.js","statementMap":{"0":{"start":{"line":1,"column":16},"end":{"line":1,"column":34}},"1":{"start":{"line":2,"column":19},"end":{"line":2,"column":56}},"2":{"start":{"line":3,"column":19},"end":{"line":3,"column":57}},"3":{"start":{"line":4,"column":26},"end":{"line":4,"column":79}},"4":{"start":{"line":5,"column":31},"end":{"line":5,"column":96}},"5":{"start":{"line":6,"column":24},"end":{"line":6,"column":75}},"6":{"start":{"line":7,"column":23},"end":{"line":7,"column":68}},"7":{"start":{"line":8,"column":33},"end":{"line":8,"column":84}},"8":{"start":{"line":9,"column":19},"end":{"line":9,"column":56}},"9":{"start":{"line":10,"column":35},"end":{"line":10,"column":104}},"10":{"start":{"line":11,"column":34},"end":{"line":11,"column":101}},"11":{"start":{"line":12,"column":21},"end":{"line":12,"column":61}},"12":{"start":{"line":14,"column":15},"end":{"line":14,"column":31}},"13":{"start":{"line":17,"column":0},"end":{"line":17,"column":32}},"14":{"start":{"line":18,"column":0},"end":{"line":20,"column":16}},"15":{"start":{"line":21,"column":0},"end":{"line":21,"column":60}},"16":{"start":{"line":22,"column":0},"end":{"line":22,"column":71}},"17":{"start":{"line":23,"column":0},"end":{"line":23,"column":57}},"18":{"start":{"line":24,"column":0},"end":{"line":24,"column":41}},"19":{"start":{"line":25,"column":0},"end":{"line":25,"column":61}},"20":{"start":{"line":26,"column":0},"end":{"line":26,"column":46}},"21":{"start":{"line":27,"column":0},"end":{"line":27,"column":65}},"22":{"start":{"line":28,"column":0},"end":{"line":28,"column":62}},"23":{"start":{"line":31,"column":0},"end":{"line":31,"column":24}}},"fnMap":{},"branchMap":{},"s":{"0":1,"1":1,"2":1,"3":1,"4":1,"5":1,"6":1,"7":1,"8":1,"9":1,"10":1,"11":1,"12":1,"13":1,"14":1,"15":1,"16":1,"17":1,"18":1,"19":1,"20":1,"21":1,"22":1,"23":1},"f":{},"b":{},"_coverageSchema":"1a1c01bbd47fc00a2c39e90264f33305004495a9","hash":"23c9877dd4a749bafed8f5f994d261c3b2f8153a"}
,"D:\\Beneficiate\\backend_beneficiate\\src\\config\\connection.js": {"path":"D:\\Beneficiate\\backend_beneficiate\\src\\config\\connection.js","statementMap":{"0":{"start":{"line":1,"column":17},"end":{"line":1,"column":30}},"1":{"start":{"line":2,"column":0},"end":{"line":2,"column":27}},"2":{"start":{"line":4,"column":13},"end":{"line":13,"column":2}},"3":{"start":{"line":15,"column":0},"end":{"line":17,"column":3}},"4":{"start":{"line":16,"column":2},"end":{"line":16,"column":56}},"5":{"start":{"line":19,"column":23},"end":{"line":27,"column":1}},"6":{"start":{"line":20,"column":2},"end":{"line":26,"column":3}},"7":{"start":{"line":21,"column":19},"end":{"line":21,"column":39}},"8":{"start":{"line":22,"column":4},"end":{"line":22,"column":52}},"9":{"start":{"line":23,"column":4},"end":{"line":23,"column":21}},"10":{"start":{"line":25,"column":4},"end":{"line":25,"column":64}},"11":{"start":{"line":29,"column":0},"end":{"line":29,"column":17}},"12":{"start":{"line":31,"column":0},"end":{"line":31,"column":22}}},"fnMap":{"0":{"name":"(anonymous_0)","decl":{"start":{"line":15,"column":17},"end":{"line":15,"column":18}},"loc":{"start":{"line":15,"column":26},"end":{"line":17,"column":1}},"line":15},"1":{"name":"(anonymous_1)","decl":{"start":{"line":19,"column":23},"end":{"line":19,"column":24}},"loc":{"start":{"line":19,"column":35},"end":{"line":27,"column":1}},"line":19}},"branchMap":{},"s":{"0":1,"1":1,"2":1,"3":1,"4":0,"5":1,"6":1,"7":1,"8":0,"9":0,"10":0,"11":1,"12":1},"f":{"0":0,"1":1},"b":{},"_coverageSchema":"1a1c01bbd47fc00a2c39e90264f33305004495a9","hash":"687c84c037fb5a5cf18087485f2d91b3fae3f8ad"}
,"D:\\Beneficiate\\backend_beneficiate\\src\\config\\paths.js": {"path":"D:\\Beneficiate\\backend_beneficiate\\src\\config\\paths.js","statementMap":{"0":{"start":{"line":2,"column":14},"end":{"line":7,"column":3}},"1":{"start":{"line":9,"column":2},"end":{"line":9,"column":25}}},"fnMap":{},"branchMap":{},"s":{"0":1,"1":1},"f":{},"b":{},"_coverageSchema":"1a1c01bbd47fc00a2c39e90264f33305004495a9","hash":"c70218b607671159474c980725219557a2328f04"}
,"D:\\Beneficiate\\backend_beneficiate\\src\\config\\twilio.config.js": {"path":"D:\\Beneficiate\\backend_beneficiate\\src\\config\\twilio.config.js","statementMap":{"0":{"start":{"line":1,"column":0},"end":{"line":1,"column":27}},"1":{"start":{"line":2,"column":15},"end":{"line":2,"column":32}},"2":{"start":{"line":4,"column":27},"end":{"line":4,"column":57}},"3":{"start":{"line":5,"column":26},"end":{"line":5,"column":55}},"4":{"start":{"line":6,"column":31},"end":{"line":6,"column":65}},"5":{"start":{"line":7,"column":26},"end":{"line":7,"column":55}},"6":{"start":{"line":8,"column":38},"end":{"line":8,"column":78}},"7":{"start":{"line":10,"column":0},"end":{"line":13,"column":1}},"8":{"start":{"line":11,"column":2},"end":{"line":11,"column":69}},"9":{"start":{"line":12,"column":2},"end":{"line":12,"column":18}},"10":{"start":{"line":15,"column":21},"end":{"line":15,"column":66}},"11":{"start":{"line":17,"column":0},"end":{"line":22,"column":2}}},"fnMap":{},"branchMap":{"0":{"loc":{"start":{"line":10,"column":0},"end":{"line":13,"column":1}},"type":"if","locations":[{"start":{"line":10,"column":0},"end":{"line":13,"column":1}},{"start":{},"end":{}}],"line":10},"1":{"loc":{"start":{"line":10,"column":4},"end":{"line":10,"column":94}},"type":"binary-expr","locations":[{"start":{"line":10,"column":4},"end":{"line":10,"column":23}},{"start":{"line":10,"column":27},"end":{"line":10,"column":45}},{"start":{"line":10,"column":49},"end":{"line":10,"column":72}},{"start":{"line":10,"column":76},"end":{"line":10,"column":94}}],"line":10}},"s":{"0":1,"1":1,"2":1,"3":1,"4":1,"5":1,"6":1,"7":1,"8":0,"9":0,"10":1,"11":1},"f":{},"b":{"0":[0,1],"1":[1,1,1,1]},"_coverageSchema":"1a1c01bbd47fc00a2c39e90264f33305004495a9","hash":"beebb7d51b9b6f39d17f4bde2cbe74c6d3102490"}
,"D:\\Beneficiate\\backend_beneficiate\\src\\core\\errors.js": {"path":"D:\\Beneficiate\\backend_beneficiate\\src\\core\\errors.js","statementMap":{"0":{"start":{"line":4,"column":4},"end":{"line":4,"column":19}},"1":{"start":{"line":5,"column":4},"end":{"line":5,"column":33}},"2":{"start":{"line":6,"column":4},"end":{"line":6,"column":46}},"3":{"start":{"line":12,"column":4},"end":{"line":12,"column":24}},"4":{"start":{"line":18,"column":4},"end":{"line":18,"column":24}},"5":{"start":{"line":24,"column":4},"end":{"line":24,"column":24}},"6":{"start":{"line":30,"column":4},"end":{"line":30,"column":24}},"7":{"start":{"line":34,"column":21},"end":{"line":41,"column":1}},"8":{"start":{"line":35,"column":2},"end":{"line":35,"column":53}},"9":{"start":{"line":36,"column":2},"end":{"line":40,"column":5}},"10":{"start":{"line":43,"column":0},"end":{"line":50,"column":2}}},"fnMap":{"0":{"name":"(anonymous_0)","decl":{"start":{"line":3,"column":2},"end":{"line":3,"column":3}},"loc":{"start":{"line":3,"column":35},"end":{"line":7,"column":3}},"line":3},"1":{"name":"(anonymous_1)","decl":{"start":{"line":11,"column":2},"end":{"line":11,"column":3}},"loc":{"start":{"line":11,"column":46},"end":{"line":13,"column":3}},"line":11},"2":{"name":"(anonymous_2)","decl":{"start":{"line":17,"column":2},"end":{"line":17,"column":3}},"loc":{"start":{"line":17,"column":45},"end":{"line":19,"column":3}},"line":17},"3":{"name":"(anonymous_3)","decl":{"start":{"line":23,"column":2},"end":{"line":23,"column":3}},"loc":{"start":{"line":23,"column":47},"end":{"line":25,"column":3}},"line":23},"4":{"name":"(anonymous_4)","decl":{"start":{"line":29,"column":2},"end":{"line":29,"column":3}},"loc":{"start":{"line":29,"column":44},"end":{"line":31,"column":3}},"line":29},"5":{"name":"(anonymous_5)","decl":{"start":{"line":34,"column":21},"end":{"line":34,"column":22}},"loc":{"start":{"line":34,"column":46},"end":{"line":41,"column":1}},"line":34}},"branchMap":{"0":{"loc":{"start":{"line":11,"column":14},"end":{"line":11,"column":44}},"type":"default-arg","locations":[{"start":{"line":11,"column":24},"end":{"line":11,"column":44}}],"line":11},"1":{"loc":{"start":{"line":17,"column":14},"end":{"line":17,"column":43}},"type":"default-arg","locations":[{"start":{"line":17,"column":24},"end":{"line":17,"column":43}}],"line":17},"2":{"loc":{"start":{"line":23,"column":14},"end":{"line":23,"column":45}},"type":"default-arg","locations":[{"start":{"line":23,"column":24},"end":{"line":23,"column":45}}],"line":23},"3":{"loc":{"start":{"line":29,"column":14},"end":{"line":29,"column":42}},"type":"default-arg","locations":[{"start":{"line":29,"column":24},"end":{"line":29,"column":42}}],"line":29},"4":{"loc":{"start":{"line":36,"column":13},"end":{"line":36,"column":34}},"type":"binary-expr","locations":[{"start":{"line":36,"column":13},"end":{"line":36,"column":27}},{"start":{"line":36,"column":31},"end":{"line":36,"column":34}}],"line":36},"5":{"loc":{"start":{"line":37,"column":11},"end":{"line":37,"column":49}},"type":"binary-expr","locations":[{"start":{"line":37,"column":11},"end":{"line":37,"column":22}},{"start":{"line":37,"column":26},"end":{"line":37,"column":49}}],"line":37},"6":{"loc":{"start":{"line":38,"column":16},"end":{"line":38,"column":37}},"type":"binary-expr","locations":[{"start":{"line":38,"column":16},"end":{"line":38,"column":30}},{"start":{"line":38,"column":34},"end":{"line":38,"column":37}}],"line":38}},"s":{"0":0,"1":0,"2":0,"3":0,"4":0,"5":0,"6":0,"7":2,"8":0,"9":0,"10":2},"f":{"0":0,"1":0,"2":0,"3":0,"4":0,"5":0},"b":{"0":[0],"1":[0],"2":[0],"3":[0],"4":[0,0],"5":[0,0],"6":[0,0]},"_coverageSchema":"1a1c01bbd47fc00a2c39e90264f33305004495a9","hash":"37d29a8feddbcd4316b25b702f82f5d5476512ed"}
,"D:\\Beneficiate\\backend_beneficiate\\src\\core\\responses.js": {"path":"D:\\Beneficiate\\backend_beneficiate\\src\\core\\responses.js","statementMap":{"0":{"start":{"line":2,"column":24},"end":{"line":4,"column":3}},"1":{"start":{"line":3,"column":4},"end":{"line":3,"column":63}},"2":{"start":{"line":6,"column":24},"end":{"line":12,"column":3}},"3":{"start":{"line":7,"column":4},"end":{"line":10,"column":7}},"4":{"start":{"line":11,"column":6},"end":{"line":11,"column":68}},"5":{"start":{"line":14,"column":2},"end":{"line":14,"column":54}}},"fnMap":{"0":{"name":"(anonymous_0)","decl":{"start":{"line":2,"column":24},"end":{"line":2,"column":25}},"loc":{"start":{"line":2,"column":78},"end":{"line":4,"column":3}},"line":2},"1":{"name":"(anonymous_1)","decl":{"start":{"line":6,"column":24},"end":{"line":6,"column":25}},"loc":{"start":{"line":6,"column":40},"end":{"line":12,"column":3}},"line":6}},"branchMap":{"0":{"loc":{"start":{"line":2,"column":36},"end":{"line":2,"column":55}},"type":"default-arg","locations":[{"start":{"line":2,"column":46},"end":{"line":2,"column":55}}],"line":2},"1":{"loc":{"start":{"line":2,"column":57},"end":{"line":2,"column":73}},"type":"default-arg","locations":[{"start":{"line":2,"column":70},"end":{"line":2,"column":73}}],"line":2},"2":{"loc":{"start":{"line":7,"column":15},"end":{"line":7,"column":38}},"type":"binary-expr","locations":[{"start":{"line":7,"column":15},"end":{"line":7,"column":31}},{"start":{"line":7,"column":35},"end":{"line":7,"column":38}}],"line":7},"3":{"loc":{"start":{"line":8,"column":13},"end":{"line":8,"column":53}},"type":"binary-expr","locations":[{"start":{"line":8,"column":13},"end":{"line":8,"column":26}},{"start":{"line":8,"column":30},"end":{"line":8,"column":53}}],"line":8},"4":{"loc":{"start":{"line":9,"column":18},"end":{"line":9,"column":41}},"type":"binary-expr","locations":[{"start":{"line":9,"column":18},"end":{"line":9,"column":34}},{"start":{"line":9,"column":38},"end":{"line":9,"column":41}}],"line":9}},"s":{"0":1,"1":0,"2":1,"3":0,"4":0,"5":1},"f":{"0":0,"1":0},"b":{"0":[0],"1":[0],"2":[0,0],"3":[0,0],"4":[0,0]},"_coverageSchema":"1a1c01bbd47fc00a2c39e90264f33305004495a9","hash":"0c4a5d3083765910a4d75537e577a1d9956960fb"}
,"D:\\Beneficiate\\backend_beneficiate\\src\\middlewares\\auth.middleware.js": {"path":"D:\\Beneficiate\\backend_beneficiate\\src\\middlewares\\auth.middleware.js","statementMap":{"0":{"start":{"line":2,"column":12},"end":{"line":2,"column":35}},"1":{"start":{"line":3,"column":30},"end":{"line":3,"column":55}},"2":{"start":{"line":4,"column":0},"end":{"line":4,"column":27}},"3":{"start":{"line":6,"column":21},"end":{"line":27,"column":1}},"4":{"start":{"line":7,"column":21},"end":{"line":7,"column":46}},"5":{"start":{"line":9,"column":2},"end":{"line":11,"column":3}},"6":{"start":{"line":10,"column":4},"end":{"line":10,"column":86}},"7":{"start":{"line":13,"column":16},"end":{"line":13,"column":40}},"8":{"start":{"line":15,"column":2},"end":{"line":26,"column":3}},"9":{"start":{"line":16,"column":4},"end":{"line":16,"column":57}},"10":{"start":{"line":17,"column":4},"end":{"line":17,"column":11}},"11":{"start":{"line":19,"column":4},"end":{"line":25,"column":5}},"12":{"start":{"line":20,"column":6},"end":{"line":20,"column":65}},"13":{"start":{"line":21,"column":11},"end":{"line":25,"column":5}},"14":{"start":{"line":22,"column":6},"end":{"line":22,"column":59}},"15":{"start":{"line":24,"column":6},"end":{"line":24,"column":70}},"16":{"start":{"line":29,"column":0},"end":{"line":29,"column":30}}},"fnMap":{"0":{"name":"(anonymous_0)","decl":{"start":{"line":6,"column":21},"end":{"line":6,"column":22}},"loc":{"start":{"line":6,"column":41},"end":{"line":27,"column":1}},"line":6}},"branchMap":{"0":{"loc":{"start":{"line":9,"column":2},"end":{"line":11,"column":3}},"type":"if","locations":[{"start":{"line":9,"column":2},"end":{"line":11,"column":3}},{"start":{},"end":{}}],"line":9},"1":{"loc":{"start":{"line":9,"column":6},"end":{"line":9,"column":54}},"type":"binary-expr","locations":[{"start":{"line":9,"column":6},"end":{"line":9,"column":17}},{"start":{"line":9,"column":21},"end":{"line":9,"column":54}}],"line":9},"2":{"loc":{"start":{"line":19,"column":4},"end":{"line":25,"column":5}},"type":"if","locations":[{"start":{"line":19,"column":4},"end":{"line":25,"column":5}},{"start":{"line":21,"column":11},"end":{"line":25,"column":5}}],"line":19},"3":{"loc":{"start":{"line":21,"column":11},"end":{"line":25,"column":5}},"type":"if","locations":[{"start":{"line":21,"column":11},"end":{"line":25,"column":5}},{"start":{"line":23,"column":11},"end":{"line":25,"column":5}}],"line":21}},"s":{"0":1,"1":1,"2":1,"3":1,"4":0,"5":0,"6":0,"7":0,"8":0,"9":0,"10":0,"11":0,"12":0,"13":0,"14":0,"15":0,"16":1},"f":{"0":0},"b":{"0":[0,0],"1":[0,0],"2":[0,0],"3":[0,0]},"_coverageSchema":"1a1c01bbd47fc00a2c39e90264f33305004495a9","hash":"2ab18131ead8540051c43f5176982e89f82180a7"}
,"D:\\Beneficiate\\backend_beneficiate\\src\\middlewares\\validate.middleware.js": {"path":"D:\\Beneficiate\\backend_beneficiate\\src\\middlewares\\validate.middleware.js","statementMap":{"0":{"start":{"line":2,"column":17},"end":{"line":12,"column":1}},"1":{"start":{"line":2,"column":29},"end":{"line":12,"column":1}},"2":{"start":{"line":3,"column":20},"end":{"line":3,"column":68}},"3":{"start":{"line":4,"column":2},"end":{"line":10,"column":3}},"4":{"start":{"line":5,"column":4},"end":{"line":9,"column":9}},"5":{"start":{"line":8,"column":46},"end":{"line":8,"column":78}},"6":{"start":{"line":11,"column":2},"end":{"line":11,"column":9}},"7":{"start":{"line":14,"column":0},"end":{"line":14,"column":26}}},"fnMap":{"0":{"name":"(anonymous_0)","decl":{"start":{"line":2,"column":17},"end":{"line":2,"column":18}},"loc":{"start":{"line":2,"column":29},"end":{"line":12,"column":1}},"line":2},"1":{"name":"(anonymous_1)","decl":{"start":{"line":2,"column":29},"end":{"line":2,"column":30}},"loc":{"start":{"line":2,"column":49},"end":{"line":12,"column":1}},"line":2},"2":{"name":"(anonymous_2)","decl":{"start":{"line":8,"column":34},"end":{"line":8,"column":35}},"loc":{"start":{"line":8,"column":46},"end":{"line":8,"column":78}},"line":8}},"branchMap":{"0":{"loc":{"start":{"line":4,"column":2},"end":{"line":10,"column":3}},"type":"if","locations":[{"start":{"line":4,"column":2},"end":{"line":10,"column":3}},{"start":{},"end":{}}],"line":4}},"s":{"0":1,"1":34,"2":0,"3":0,"4":0,"5":0,"6":0,"7":1},"f":{"0":34,"1":0,"2":0},"b":{"0":[0,0]},"_coverageSchema":"1a1c01bbd47fc00a2c39e90264f33305004495a9","hash":"a65a7770e94eb1d9ebf1527010e209452f61d858"}
,"D:\\Beneficiate\\backend_beneficiate\\src\\modules\\appointment\\appointment.controller.js": {"path":"D:\\Beneficiate\\backend_beneficiate\\src\\modules\\appointment\\appointment.controller.js","statementMap":{"0":{"start":{"line":1,"column":27},"end":{"line":1,"column":59}},"1":{"start":{"line":2,"column":43},"end":{"line":2,"column":74}},"2":{"start":{"line":3,"column":33},"end":{"line":3,"column":77}},"3":{"start":{"line":6,"column":26},"end":{"line":17,"column":1}},"4":{"start":{"line":7,"column":2},"end":{"line":16,"column":3}},"5":{"start":{"line":8,"column":24},"end":{"line":8,"column":76}},"6":{"start":{"line":10,"column":4},"end":{"line":12,"column":5}},"7":{"start":{"line":11,"column":6},"end":{"line":11,"column":40}},"8":{"start":{"line":13,"column":4},"end":{"line":13,"column":66}},"9":{"start":{"line":15,"column":4},"end":{"line":15,"column":30}},"10":{"start":{"line":19,"column":27},"end":{"line":27,"column":1}},"11":{"start":{"line":20,"column":2},"end":{"line":26,"column":3}},"12":{"start":{"line":21,"column":19},"end":{"line":21,"column":29}},"13":{"start":{"line":22,"column":24},"end":{"line":22,"column":71}},"14":{"start":{"line":23,"column":4},"end":{"line":23,"column":70}},"15":{"start":{"line":25,"column":4},"end":{"line":25,"column":30}},"16":{"start":{"line":29,"column":26},"end":{"line":43,"column":1}},"17":{"start":{"line":30,"column":2},"end":{"line":42,"column":3}},"18":{"start":{"line":31,"column":19},"end":{"line":31,"column":29}},"19":{"start":{"line":32,"column":25},"end":{"line":32,"column":33}},"20":{"start":{"line":34,"column":31},"end":{"line":37,"column":5}},"21":{"start":{"line":38,"column":4},"end":{"line":38,"column":78}},"22":{"start":{"line":40,"column":4},"end":{"line":40,"column":57}},"23":{"start":{"line":41,"column":4},"end":{"line":41,"column":30}},"24":{"start":{"line":45,"column":26},"end":{"line":53,"column":1}},"25":{"start":{"line":46,"column":2},"end":{"line":52,"column":3}},"26":{"start":{"line":47,"column":19},"end":{"line":47,"column":29}},"27":{"start":{"line":48,"column":24},"end":{"line":48,"column":70}},"28":{"start":{"line":49,"column":4},"end":{"line":49,"column":69}},"29":{"start":{"line":51,"column":4},"end":{"line":51,"column":30}},"30":{"start":{"line":55,"column":30},"end":{"line":69,"column":1}},"31":{"start":{"line":56,"column":2},"end":{"line":68,"column":3}},"32":{"start":{"line":57,"column":19},"end":{"line":57,"column":29}},"33":{"start":{"line":58,"column":33},"end":{"line":58,"column":41}},"34":{"start":{"line":60,"column":6},"end":{"line":60,"column":74}},"35":{"start":{"line":61,"column":4},"end":{"line":65,"column":6}},"36":{"start":{"line":67,"column":4},"end":{"line":67,"column":30}},"37":{"start":{"line":71,"column":27},"end":{"line":78,"column":1}},"38":{"start":{"line":72,"column":2},"end":{"line":77,"column":3}},"39":{"start":{"line":73,"column":25},"end":{"line":73,"column":70}},"40":{"start":{"line":74,"column":4},"end":{"line":74,"column":73}},"41":{"start":{"line":76,"column":4},"end":{"line":76,"column":30}},"42":{"start":{"line":80,"column":30},"end":{"line":94,"column":1}},"43":{"start":{"line":81,"column":2},"end":{"line":93,"column":3}},"44":{"start":{"line":82,"column":24},"end":{"line":82,"column":34}},"45":{"start":{"line":83,"column":25},"end":{"line":85,"column":5}},"46":{"start":{"line":86,"column":4},"end":{"line":90,"column":6}},"47":{"start":{"line":92,"column":4},"end":{"line":92,"column":30}},"48":{"start":{"line":96,"column":37},"end":{"line":110,"column":1}},"49":{"start":{"line":97,"column":2},"end":{"line":109,"column":3}},"50":{"start":{"line":98,"column":31},"end":{"line":98,"column":41}},"51":{"start":{"line":99,"column":25},"end":{"line":101,"column":5}},"52":{"start":{"line":102,"column":4},"end":{"line":106,"column":6}},"53":{"start":{"line":108,"column":4},"end":{"line":108,"column":30}},"54":{"start":{"line":112,"column":37},"end":{"line":149,"column":1}},"55":{"start":{"line":113,"column":2},"end":{"line":148,"column":3}},"56":{"start":{"line":115,"column":17},"end":{"line":115,"column":46}},"57":{"start":{"line":116,"column":18},"end":{"line":116,"column":49}},"58":{"start":{"line":118,"column":20},"end":{"line":132,"column":5}},"59":{"start":{"line":135,"column":25},"end":{"line":137,"column":5}},"60":{"start":{"line":139,"column":4},"end":{"line":142,"column":7}},"61":{"start":{"line":144,"column":4},"end":{"line":147,"column":7}},"62":{"start":{"line":151,"column":0},"end":{"line":161,"column":2}}},"fnMap":{"0":{"name":"(anonymous_0)","decl":{"start":{"line":6,"column":26},"end":{"line":6,"column":27}},"loc":{"start":{"line":6,"column":46},"end":{"line":17,"column":1}},"line":6},"1":{"name":"(anonymous_1)","decl":{"start":{"line":19,"column":27},"end":{"line":19,"column":28}},"loc":{"start":{"line":19,"column":47},"end":{"line":27,"column":1}},"line":19},"2":{"name":"(anonymous_2)","decl":{"start":{"line":29,"column":26},"end":{"line":29,"column":27}},"loc":{"start":{"line":29,"column":46},"end":{"line":43,"column":1}},"line":29},"3":{"name":"(anonymous_3)","decl":{"start":{"line":45,"column":26},"end":{"line":45,"column":27}},"loc":{"start":{"line":45,"column":46},"end":{"line":53,"column":1}},"line":45},"4":{"name":"(anonymous_4)","decl":{"start":{"line":55,"column":30},"end":{"line":55,"column":31}},"loc":{"start":{"line":55,"column":50},"end":{"line":69,"column":1}},"line":55},"5":{"name":"(anonymous_5)","decl":{"start":{"line":71,"column":27},"end":{"line":71,"column":28}},"loc":{"start":{"line":71,"column":47},"end":{"line":78,"column":1}},"line":71},"6":{"name":"(anonymous_6)","decl":{"start":{"line":80,"column":30},"end":{"line":80,"column":31}},"loc":{"start":{"line":80,"column":50},"end":{"line":94,"column":1}},"line":80},"7":{"name":"(anonymous_7)","decl":{"start":{"line":96,"column":37},"end":{"line":96,"column":38}},"loc":{"start":{"line":96,"column":57},"end":{"line":110,"column":1}},"line":96},"8":{"name":"(anonymous_8)","decl":{"start":{"line":112,"column":37},"end":{"line":112,"column":38}},"loc":{"start":{"line":112,"column":57},"end":{"line":149,"column":1}},"line":112}},"branchMap":{"0":{"loc":{"start":{"line":10,"column":4},"end":{"line":12,"column":5}},"type":"if","locations":[{"start":{"line":10,"column":4},"end":{"line":12,"column":5}},{"start":{},"end":{}}],"line":10},"1":{"loc":{"start":{"line":115,"column":17},"end":{"line":115,"column":46}},"type":"binary-expr","locations":[{"start":{"line":115,"column":17},"end":{"line":115,"column":41}},{"start":{"line":115,"column":45},"end":{"line":115,"column":46}}],"line":115},"2":{"loc":{"start":{"line":116,"column":18},"end":{"line":116,"column":49}},"type":"binary-expr","locations":[{"start":{"line":116,"column":18},"end":{"line":116,"column":43}},{"start":{"line":116,"column":47},"end":{"line":116,"column":49}}],"line":116},"3":{"loc":{"start":{"line":123,"column":8},"end":{"line":127,"column":16}},"type":"cond-expr","locations":[{"start":{"line":126,"column":12},"end":{"line":126,"column":45}},{"start":{"line":127,"column":12},"end":{"line":127,"column":16}}],"line":123},"4":{"loc":{"start":{"line":123,"column":8},"end":{"line":125,"column":39}},"type":"binary-expr","locations":[{"start":{"line":123,"column":8},"end":{"line":123,"column":31}},{"start":{"line":124,"column":8},"end":{"line":124,"column":42}},{"start":{"line":125,"column":8},"end":{"line":125,"column":39}}],"line":123}},"s":{"0":1,"1":1,"2":1,"3":1,"4":0,"5":0,"6":0,"7":0,"8":0,"9":0,"10":1,"11":0,"12":0,"13":0,"14":0,"15":0,"16":1,"17":0,"18":0,"19":0,"20":0,"21":0,"22":0,"23":0,"24":1,"25":0,"26":0,"27":0,"28":0,"29":0,"30":1,"31":0,"32":0,"33":0,"34":0,"35":0,"36":0,"37":1,"38":0,"39":0,"40":0,"41":0,"42":1,"43":0,"44":0,"45":0,"46":0,"47":0,"48":1,"49":0,"50":0,"51":0,"52":0,"53":0,"54":1,"55":0,"56":0,"57":0,"58":0,"59":0,"60":0,"61":0,"62":1},"f":{"0":0,"1":0,"2":0,"3":0,"4":0,"5":0,"6":0,"7":0,"8":0},"b":{"0":[0,0],"1":[0,0],"2":[0,0],"3":[0,0],"4":[0,0,0]},"_coverageSchema":"1a1c01bbd47fc00a2c39e90264f33305004495a9","hash":"c147e6fc921af004055cddb6a251f902e39679b0"}
,"D:\\Beneficiate\\backend_beneficiate\\src\\modules\\appointment\\appointment.repository.js": {"path":"D:\\Beneficiate\\backend_beneficiate\\src\\modules\\appointment\\appointment.repository.js","statementMap":{"0":{"start":{"line":1,"column":13},"end":{"line":1,"column":47}},"1":{"start":{"line":3,"column":26},"end":{"line":40,"column":1}},"2":{"start":{"line":12,"column":17},"end":{"line":12,"column":37}},"3":{"start":{"line":13,"column":2},"end":{"line":39,"column":3}},"4":{"start":{"line":14,"column":4},"end":{"line":14,"column":32}},"5":{"start":{"line":16,"column":24},"end":{"line":18,"column":54}},"6":{"start":{"line":20,"column":19},"end":{"line":28,"column":5}},"7":{"start":{"line":30,"column":19},"end":{"line":30,"column":58}},"8":{"start":{"line":32,"column":4},"end":{"line":32,"column":33}},"9":{"start":{"line":33,"column":4},"end":{"line":33,"column":26}},"10":{"start":{"line":35,"column":4},"end":{"line":35,"column":35}},"11":{"start":{"line":36,"column":4},"end":{"line":36,"column":35}},"12":{"start":{"line":38,"column":4},"end":{"line":38,"column":21}},"13":{"start":{"line":44,"column":23},"end":{"line":48,"column":1}},"14":{"start":{"line":45,"column":16},"end":{"line":45,"column":66}},"15":{"start":{"line":46,"column":17},"end":{"line":46,"column":46}},"16":{"start":{"line":47,"column":2},"end":{"line":47,"column":24}},"17":{"start":{"line":50,"column":32},"end":{"line":54,"column":1}},"18":{"start":{"line":51,"column":16},"end":{"line":51,"column":102}},"19":{"start":{"line":52,"column":17},"end":{"line":52,"column":46}},"20":{"start":{"line":53,"column":2},"end":{"line":53,"column":21}},"21":{"start":{"line":58,"column":26},"end":{"line":144,"column":1}},"22":{"start":{"line":59,"column":2},"end":{"line":59,"column":53}},"23":{"start":{"line":72,"column":6},"end":{"line":72,"column":10}},"24":{"start":{"line":74,"column":19},"end":{"line":74,"column":21}},"25":{"start":{"line":75,"column":15},"end":{"line":75,"column":17}},"26":{"start":{"line":76,"column":12},"end":{"line":76,"column":13}},"27":{"start":{"line":78,"column":2},"end":{"line":82,"column":3}},"28":{"start":{"line":79,"column":4},"end":{"line":79,"column":50}},"29":{"start":{"line":80,"column":4},"end":{"line":80,"column":34}},"30":{"start":{"line":81,"column":4},"end":{"line":81,"column":10}},"31":{"start":{"line":83,"column":2},"end":{"line":87,"column":3}},"32":{"start":{"line":84,"column":4},"end":{"line":84,"column":50}},"33":{"start":{"line":85,"column":4},"end":{"line":85,"column":34}},"34":{"start":{"line":86,"column":4},"end":{"line":86,"column":10}},"35":{"start":{"line":88,"column":2},"end":{"line":92,"column":3}},"36":{"start":{"line":89,"column":4},"end":{"line":89,"column":50}},"37":{"start":{"line":90,"column":4},"end":{"line":90,"column":34}},"38":{"start":{"line":91,"column":4},"end":{"line":91,"column":10}},"39":{"start":{"line":93,"column":2},"end":{"line":97,"column":3}},"40":{"start":{"line":94,"column":4},"end":{"line":94,"column":40}},"41":{"start":{"line":95,"column":4},"end":{"line":95,"column":24}},"42":{"start":{"line":96,"column":4},"end":{"line":96,"column":10}},"43":{"start":{"line":98,"column":2},"end":{"line":102,"column":3}},"44":{"start":{"line":99,"column":4},"end":{"line":99,"column":39}},"45":{"start":{"line":100,"column":4},"end":{"line":100,"column":23}},"46":{"start":{"line":101,"column":4},"end":{"line":101,"column":10}},"47":{"start":{"line":103,"column":2},"end":{"line":107,"column":3}},"48":{"start":{"line":104,"column":4},"end":{"line":104,"column":48}},"49":{"start":{"line":105,"column":4},"end":{"line":105,"column":32}},"50":{"start":{"line":106,"column":4},"end":{"line":106,"column":10}},"51":{"start":{"line":108,"column":2},"end":{"line":112,"column":3}},"52":{"start":{"line":109,"column":4},"end":{"line":109,"column":49}},"53":{"start":{"line":110,"column":4},"end":{"line":110,"column":33}},"54":{"start":{"line":111,"column":4},"end":{"line":111,"column":10}},"55":{"start":{"line":113,"column":2},"end":{"line":117,"column":3}},"56":{"start":{"line":114,"column":4},"end":{"line":114,"column":52}},"57":{"start":{"line":115,"column":4},"end":{"line":115,"column":36}},"58":{"start":{"line":116,"column":4},"end":{"line":116,"column":10}},"59":{"start":{"line":118,"column":2},"end":{"line":122,"column":3}},"60":{"start":{"line":119,"column":4},"end":{"line":119,"column":44}},"61":{"start":{"line":120,"column":4},"end":{"line":120,"column":28}},"62":{"start":{"line":121,"column":4},"end":{"line":121,"column":10}},"63":{"start":{"line":124,"column":2},"end":{"line":128,"column":3}},"64":{"start":{"line":125,"column":4},"end":{"line":125,"column":41}},"65":{"start":{"line":126,"column":4},"end":{"line":126,"column":25}},"66":{"start":{"line":127,"column":4},"end":{"line":127,"column":10}},"67":{"start":{"line":130,"column":2},"end":{"line":134,"column":3}},"68":{"start":{"line":131,"column":4},"end":{"line":131,"column":46}},"69":{"start":{"line":132,"column":4},"end":{"line":132,"column":30}},"70":{"start":{"line":133,"column":4},"end":{"line":133,"column":10}},"71":{"start":{"line":136,"column":2},"end":{"line":138,"column":3}},"72":{"start":{"line":137,"column":4},"end":{"line":137,"column":53}},"73":{"start":{"line":140,"column":16},"end":{"line":140,"column":105}},"74":{"start":{"line":141,"column":2},"end":{"line":141,"column":18}},"75":{"start":{"line":142,"column":17},"end":{"line":142,"column":48}},"76":{"start":{"line":143,"column":2},"end":{"line":143,"column":24}},"77":{"start":{"line":147,"column":26},"end":{"line":155,"column":1}},"78":{"start":{"line":148,"column":16},"end":{"line":148,"column":76}},"79":{"start":{"line":149,"column":17},"end":{"line":149,"column":46}},"80":{"start":{"line":151,"column":2},"end":{"line":153,"column":3}},"81":{"start":{"line":152,"column":4},"end":{"line":152,"column":75}},"82":{"start":{"line":154,"column":2},"end":{"line":154,"column":24}},"83":{"start":{"line":159,"column":30},"end":{"line":168,"column":1}},"84":{"start":{"line":160,"column":16},"end":{"line":160,"column":121}},"85":{"start":{"line":161,"column":17},"end":{"line":161,"column":30}},"86":{"start":{"line":162,"column":17},"end":{"line":162,"column":48}},"87":{"start":{"line":164,"column":2},"end":{"line":166,"column":3}},"88":{"start":{"line":165,"column":4},"end":{"line":165,"column":78}},"89":{"start":{"line":167,"column":2},"end":{"line":167,"column":24}},"90":{"start":{"line":171,"column":27},"end":{"line":175,"column":1}},"91":{"start":{"line":172,"column":16},"end":{"line":172,"column":77}},"92":{"start":{"line":173,"column":17},"end":{"line":173,"column":40}},"93":{"start":{"line":174,"column":2},"end":{"line":174,"column":21}},"94":{"start":{"line":178,"column":30},"end":{"line":182,"column":1}},"95":{"start":{"line":179,"column":16},"end":{"line":179,"column":102}},"96":{"start":{"line":180,"column":17},"end":{"line":180,"column":50}},"97":{"start":{"line":181,"column":2},"end":{"line":181,"column":21}},"98":{"start":{"line":185,"column":37},"end":{"line":189,"column":1}},"99":{"start":{"line":186,"column":16},"end":{"line":186,"column":108}},"100":{"start":{"line":187,"column":17},"end":{"line":187,"column":57}},"101":{"start":{"line":188,"column":2},"end":{"line":188,"column":21}},"102":{"start":{"line":193,"column":37},"end":{"line":264,"column":1}},"103":{"start":{"line":202,"column":14},"end":{"line":202,"column":60}},"104":{"start":{"line":203,"column":19},"end":{"line":203,"column":72}},"105":{"start":{"line":204,"column":15},"end":{"line":204,"column":17}},"106":{"start":{"line":205,"column":20},"end":{"line":205,"column":22}},"107":{"start":{"line":209,"column":24},"end":{"line":209,"column":61}},"108":{"start":{"line":210,"column":2},"end":{"line":212,"column":3}},"109":{"start":{"line":211,"column":4},"end":{"line":211,"column":41}},"110":{"start":{"line":214,"column":2},"end":{"line":219,"column":3}},"111":{"start":{"line":215,"column":4},"end":{"line":215,"column":51}},"112":{"start":{"line":216,"column":4},"end":{"line":216,"column":61}},"113":{"start":{"line":217,"column":4},"end":{"line":217,"column":38}},"114":{"start":{"line":218,"column":4},"end":{"line":218,"column":43}},"115":{"start":{"line":221,"column":2},"end":{"line":226,"column":3}},"116":{"start":{"line":222,"column":4},"end":{"line":222,"column":93}},"117":{"start":{"line":223,"column":4},"end":{"line":223,"column":108}},"118":{"start":{"line":224,"column":4},"end":{"line":224,"column":56}},"119":{"start":{"line":225,"column":4},"end":{"line":225,"column":61}},"120":{"start":{"line":229,"column":3},"end":{"line":234,"column":1}},"121":{"start":{"line":230,"column":2},"end":{"line":230,"column":61}},"122":{"start":{"line":231,"column":2},"end":{"line":231,"column":71}},"123":{"start":{"line":232,"column":2},"end":{"line":232,"column":32}},"124":{"start":{"line":233,"column":2},"end":{"line":233,"column":37}},"125":{"start":{"line":236,"column":2},"end":{"line":241,"column":1}},"126":{"start":{"line":237,"column":4},"end":{"line":237,"column":59}},"127":{"start":{"line":238,"column":4},"end":{"line":238,"column":69}},"128":{"start":{"line":239,"column":4},"end":{"line":239,"column":31}},"129":{"start":{"line":240,"column":4},"end":{"line":240,"column":36}},"130":{"start":{"line":243,"column":2},"end":{"line":243,"column":101}},"131":{"start":{"line":244,"column":2},"end":{"line":244,"column":71}},"132":{"start":{"line":246,"column":2},"end":{"line":263,"column":3}},"133":{"start":{"line":248,"column":19},"end":{"line":248,"column":50}},"134":{"start":{"line":251,"column":24},"end":{"line":251,"column":65}},"135":{"start":{"line":252,"column":18},"end":{"line":252,"column":53}},"136":{"start":{"line":254,"column":4},"end":{"line":259,"column":6}},"137":{"start":{"line":261,"column":4},"end":{"line":261,"column":53}},"138":{"start":{"line":262,"column":4},"end":{"line":262,"column":71}},"139":{"start":{"line":266,"column":30},"end":{"line":276,"column":1}},"140":{"start":{"line":267,"column":16},"end":{"line":273,"column":3}},"141":{"start":{"line":274,"column":17},"end":{"line":274,"column":55}},"142":{"start":{"line":275,"column":2},"end":{"line":275,"column":16}},"143":{"start":{"line":280,"column":25},"end":{"line":282,"column":1}},"144":{"start":{"line":281,"column":2},"end":{"line":281,"column":71}},"145":{"start":{"line":284,"column":0},"end":{"line":297,"column":2}}},"fnMap":{"0":{"name":"(anonymous_0)","decl":{"start":{"line":3,"column":26},"end":{"line":3,"column":27}},"loc":{"start":{"line":11,"column":6},"end":{"line":40,"column":1}},"line":11},"1":{"name":"(anonymous_1)","decl":{"start":{"line":44,"column":23},"end":{"line":44,"column":24}},"loc":{"start":{"line":44,"column":37},"end":{"line":48,"column":1}},"line":44},"2":{"name":"(anonymous_2)","decl":{"start":{"line":50,"column":32},"end":{"line":50,"column":33}},"loc":{"start":{"line":50,"column":46},"end":{"line":54,"column":1}},"line":50},"3":{"name":"(anonymous_3)","decl":{"start":{"line":58,"column":26},"end":{"line":58,"column":27}},"loc":{"start":{"line":58,"column":46},"end":{"line":144,"column":1}},"line":58},"4":{"name":"(anonymous_4)","decl":{"start":{"line":147,"column":26},"end":{"line":147,"column":27}},"loc":{"start":{"line":147,"column":40},"end":{"line":155,"column":1}},"line":147},"5":{"name":"(anonymous_5)","decl":{"start":{"line":159,"column":30},"end":{"line":159,"column":31}},"loc":{"start":{"line":159,"column":53},"end":{"line":168,"column":1}},"line":159},"6":{"name":"(anonymous_6)","decl":{"start":{"line":171,"column":27},"end":{"line":171,"column":28}},"loc":{"start":{"line":171,"column":39},"end":{"line":175,"column":1}},"line":171},"7":{"name":"(anonymous_7)","decl":{"start":{"line":178,"column":30},"end":{"line":178,"column":31}},"loc":{"start":{"line":178,"column":48},"end":{"line":182,"column":1}},"line":178},"8":{"name":"(anonymous_8)","decl":{"start":{"line":185,"column":37},"end":{"line":185,"column":38}},"loc":{"start":{"line":185,"column":62},"end":{"line":189,"column":1}},"line":185},"9":{"name":"(anonymous_9)","decl":{"start":{"line":193,"column":37},"end":{"line":193,"column":38}},"loc":{"start":{"line":201,"column":6},"end":{"line":264,"column":1}},"line":201},"10":{"name":"(anonymous_10)","decl":{"start":{"line":266,"column":30},"end":{"line":266,"column":31}},"loc":{"start":{"line":266,"column":53},"end":{"line":276,"column":1}},"line":266},"11":{"name":"(anonymous_11)","decl":{"start":{"line":280,"column":25},"end":{"line":280,"column":26}},"loc":{"start":{"line":280,"column":52},"end":{"line":282,"column":1}},"line":280}},"branchMap":{"0":{"loc":{"start":{"line":78,"column":2},"end":{"line":82,"column":3}},"type":"if","locations":[{"start":{"line":78,"column":2},"end":{"line":82,"column":3}},{"start":{},"end":{}}],"line":78},"1":{"loc":{"start":{"line":83,"column":2},"end":{"line":87,"column":3}},"type":"if","locations":[{"start":{"line":83,"column":2},"end":{"line":87,"column":3}},{"start":{},"end":{}}],"line":83},"2":{"loc":{"start":{"line":88,"column":2},"end":{"line":92,"column":3}},"type":"if","locations":[{"start":{"line":88,"column":2},"end":{"line":92,"column":3}},{"start":{},"end":{}}],"line":88},"3":{"loc":{"start":{"line":93,"column":2},"end":{"line":97,"column":3}},"type":"if","locations":[{"start":{"line":93,"column":2},"end":{"line":97,"column":3}},{"start":{},"end":{}}],"line":93},"4":{"loc":{"start":{"line":98,"column":2},"end":{"line":102,"column":3}},"type":"if","locations":[{"start":{"line":98,"column":2},"end":{"line":102,"column":3}},{"start":{},"end":{}}],"line":98},"5":{"loc":{"start":{"line":103,"column":2},"end":{"line":107,"column":3}},"type":"if","locations":[{"start":{"line":103,"column":2},"end":{"line":107,"column":3}},{"start":{},"end":{}}],"line":103},"6":{"loc":{"start":{"line":108,"column":2},"end":{"line":112,"column":3}},"type":"if","locations":[{"start":{"line":108,"column":2},"end":{"line":112,"column":3}},{"start":{},"end":{}}],"line":108},"7":{"loc":{"start":{"line":113,"column":2},"end":{"line":117,"column":3}},"type":"if","locations":[{"start":{"line":113,"column":2},"end":{"line":117,"column":3}},{"start":{},"end":{}}],"line":113},"8":{"loc":{"start":{"line":118,"column":2},"end":{"line":122,"column":3}},"type":"if","locations":[{"start":{"line":118,"column":2},"end":{"line":122,"column":3}},{"start":{},"end":{}}],"line":118},"9":{"loc":{"start":{"line":124,"column":2},"end":{"line":128,"column":3}},"type":"if","locations":[{"start":{"line":124,"column":2},"end":{"line":128,"column":3}},{"start":{},"end":{}}],"line":124},"10":{"loc":{"start":{"line":130,"column":2},"end":{"line":134,"column":3}},"type":"if","locations":[{"start":{"line":130,"column":2},"end":{"line":134,"column":3}},{"start":{},"end":{}}],"line":130},"11":{"loc":{"start":{"line":136,"column":2},"end":{"line":138,"column":3}},"type":"if","locations":[{"start":{"line":136,"column":2},"end":{"line":138,"column":3}},{"start":{},"end":{}}],"line":136},"12":{"loc":{"start":{"line":151,"column":2},"end":{"line":153,"column":3}},"type":"if","locations":[{"start":{"line":151,"column":2},"end":{"line":153,"column":3}},{"start":{},"end":{}}],"line":151},"13":{"loc":{"start":{"line":164,"column":2},"end":{"line":166,"column":3}},"type":"if","locations":[{"start":{"line":164,"column":2},"end":{"line":166,"column":3}},{"start":{},"end":{}}],"line":164},"14":{"loc":{"start":{"line":199,"column":2},"end":{"line":199,"column":10}},"type":"default-arg","locations":[{"start":{"line":199,"column":9},"end":{"line":199,"column":10}}],"line":199},"15":{"loc":{"start":{"line":200,"column":2},"end":{"line":200,"column":12}},"type":"default-arg","locations":[{"start":{"line":200,"column":10},"end":{"line":200,"column":12}}],"line":200},"16":{"loc":{"start":{"line":210,"column":2},"end":{"line":212,"column":3}},"type":"if","locations":[{"start":{"line":210,"column":2},"end":{"line":212,"column":3}},{"start":{},"end":{}}],"line":210},"17":{"loc":{"start":{"line":210,"column":6},"end":{"line":210,"column":61}},"type":"binary-expr","locations":[{"start":{"line":210,"column":6},"end":{"line":210,"column":12}},{"start":{"line":210,"column":16},"end":{"line":210,"column":61}}],"line":210},"18":{"loc":{"start":{"line":214,"column":2},"end":{"line":219,"column":3}},"type":"if","locations":[{"start":{"line":214,"column":2},"end":{"line":219,"column":3}},{"start":{},"end":{}}],"line":214},"19":{"loc":{"start":{"line":221,"column":2},"end":{"line":226,"column":3}},"type":"if","locations":[{"start":{"line":221,"column":2},"end":{"line":226,"column":3}},{"start":{},"end":{}}],"line":221},"20":{"loc":{"start":{"line":221,"column":6},"end":{"line":221,"column":26}},"type":"binary-expr","locations":[{"start":{"line":221,"column":6},"end":{"line":221,"column":15}},{"start":{"line":221,"column":19},"end":{"line":221,"column":26}}],"line":221},"21":{"loc":{"start":{"line":229,"column":3},"end":{"line":234,"column":1}},"type":"if","locations":[{"start":{"line":229,"column":3},"end":{"line":234,"column":1}},{"start":{},"end":{}}],"line":229},"22":{"loc":{"start":{"line":236,"column":2},"end":{"line":241,"column":1}},"type":"if","locations":[{"start":{"line":236,"column":2},"end":{"line":241,"column":1}},{"start":{},"end":{}}],"line":236}},"s":{"0":1,"1":1,"2":0,"3":0,"4":0,"5":0,"6":0,"7":0,"8":0,"9":0,"10":0,"11":0,"12":0,"13":1,"14":0,"15":0,"16":0,"17":1,"18":0,"19":0,"20":0,"21":1,"22":0,"23":0,"24":0,"25":0,"26":0,"27":0,"28":0,"29":0,"30":0,"31":0,"32":0,"33":0,"34":0,"35":0,"36":0,"37":0,"38":0,"39":0,"40":0,"41":0,"42":0,"43":0,"44":0,"45":0,"46":0,"47":0,"48":0,"49":0,"50":0,"51":0,"52":0,"53":0,"54":0,"55":0,"56":0,"57":0,"58":0,"59":0,"60":0,"61":0,"62":0,"63":0,"64":0,"65":0,"66":0,"67":0,"68":0,"69":0,"70":0,"71":0,"72":0,"73":0,"74":0,"75":0,"76":0,"77":1,"78":0,"79":0,"80":0,"81":0,"82":0,"83":1,"84":0,"85":0,"86":0,"87":0,"88":0,"89":0,"90":1,"91":0,"92":0,"93":0,"94":1,"95":0,"96":0,"97":0,"98":1,"99":0,"100":0,"101":0,"102":1,"103":0,"104":0,"105":0,"106":0,"107":0,"108":0,"109":0,"110":0,"111":0,"112":0,"113":0,"114":0,"115":0,"116":0,"117":0,"118":0,"119":0,"120":0,"121":0,"122":0,"123":0,"124":0,"125":0,"126":0,"127":0,"128":0,"129":0,"130":0,"131":0,"132":0,"133":0,"134":0,"135":0,"136":0,"137":0,"138":0,"139":1,"140":0,"141":0,"142":0,"143":1,"144":0,"145":1},"f":{"0":0,"1":0,"2":0,"3":0,"4":0,"5":0,"6":0,"7":0,"8":0,"9":0,"10":0,"11":0},"b":{"0":[0,0],"1":[0,0],"2":[0,0],"3":[0,0],"4":[0,0],"5":[0,0],"6":[0,0],"7":[0,0],"8":[0,0],"9":[0,0],"10":[0,0],"11":[0,0],"12":[0,0],"13":[0,0],"14":[0],"15":[0],"16":[0,0],"17":[0,0],"18":[0,0],"19":[0,0],"20":[0,0],"21":[0,0],"22":[0,0]},"_coverageSchema":"1a1c01bbd47fc00a2c39e90264f33305004495a9","hash":"e7231e0c3392e095739a95ede138e9aef999b854"}
,"D:\\Beneficiate\\backend_beneficiate\\src\\modules\\appointment\\appointment.routes.js": {"path":"D:\\Beneficiate\\backend_beneficiate\\src\\modules\\appointment\\appointment.routes.js","statementMap":{"0":{"start":{"line":1,"column":16},"end":{"line":1,"column":34}},"1":{"start":{"line":2,"column":27},"end":{"line":2,"column":59}},"2":{"start":{"line":3,"column":15},"end":{"line":3,"column":31}},"3":{"start":{"line":14,"column":4},"end":{"line":14,"column":39}},"4":{"start":{"line":15,"column":17},"end":{"line":15,"column":65}},"5":{"start":{"line":16,"column":30},"end":{"line":16,"column":65}},"6":{"start":{"line":19,"column":0},"end":{"line":19,"column":57}},"7":{"start":{"line":22,"column":0},"end":{"line":22,"column":71}},"8":{"start":{"line":23,"column":0},"end":{"line":23,"column":52}},"9":{"start":{"line":24,"column":0},"end":{"line":24,"column":73}},"10":{"start":{"line":25,"column":0},"end":{"line":25,"column":74}},"11":{"start":{"line":26,"column":0},"end":{"line":26,"column":82}},"12":{"start":{"line":27,"column":0},"end":{"line":27,"column":48}},"13":{"start":{"line":30,"column":0},"end":{"line":30,"column":39}},"14":{"start":{"line":33,"column":0},"end":{"line":33,"column":36}},"15":{"start":{"line":35,"column":0},"end":{"line":35,"column":24}}},"fnMap":{},"branchMap":{},"s":{"0":1,"1":1,"2":1,"3":1,"4":1,"5":1,"6":1,"7":1,"8":1,"9":1,"10":1,"11":1,"12":1,"13":1,"14":1,"15":1},"f":{},"b":{},"_coverageSchema":"1a1c01bbd47fc00a2c39e90264f33305004495a9","hash":"b93f41793e34795622ff42794130d1d1b33dea84"}
,"D:\\Beneficiate\\backend_beneficiate\\src\\modules\\appointment\\appointment.service.js": {"path":"D:\\Beneficiate\\backend_beneficiate\\src\\modules\\appointment\\appointment.service.js","statementMap":{"0":{"start":{"line":1,"column":30},"end":{"line":1,"column":65}},"1":{"start":{"line":2,"column":43},"end":{"line":2,"column":71}},"2":{"start":{"line":3,"column":88},"end":{"line":3,"column":120}},"3":{"start":{"line":4,"column":20},"end":{"line":4,"column":52}},"4":{"start":{"line":5,"column":20},"end":{"line":5,"column":52}},"5":{"start":{"line":6,"column":27},"end":{"line":6,"column":74}},"6":{"start":{"line":7,"column":25},"end":{"line":7,"column":84}},"7":{"start":{"line":8,"column":28},"end":{"line":8,"column":91}},"8":{"start":{"line":9,"column":34},"end":{"line":9,"column":95}},"9":{"start":{"line":10,"column":18},"end":{"line":10,"column":63}},"10":{"start":{"line":11,"column":24},"end":{"line":11,"column":59}},"11":{"start":{"line":17,"column":4},"end":{"line":17,"column":44}},"12":{"start":{"line":20,"column":26},"end":{"line":108,"column":1}},"13":{"start":{"line":30,"column":6},"end":{"line":30,"column":21}},"14":{"start":{"line":32,"column":2},"end":{"line":36,"column":3}},"15":{"start":{"line":33,"column":4},"end":{"line":35,"column":6}},"16":{"start":{"line":38,"column":15},"end":{"line":38,"column":53}},"17":{"start":{"line":39,"column":2},"end":{"line":43,"column":3}},"18":{"start":{"line":40,"column":4},"end":{"line":42,"column":6}},"19":{"start":{"line":45,"column":15},"end":{"line":45,"column":58}},"20":{"start":{"line":46,"column":2},"end":{"line":48,"column":3}},"21":{"start":{"line":47,"column":4},"end":{"line":47,"column":75}},"22":{"start":{"line":50,"column":27},"end":{"line":50,"column":66}},"23":{"start":{"line":51,"column":23},"end":{"line":51,"column":59}},"24":{"start":{"line":53,"column":2},"end":{"line":84,"column":3}},"25":{"start":{"line":54,"column":4},"end":{"line":58,"column":5}},"26":{"start":{"line":55,"column":6},"end":{"line":57,"column":8}},"27":{"start":{"line":60,"column":4},"end":{"line":64,"column":5}},"28":{"start":{"line":61,"column":6},"end":{"line":63,"column":8}},"29":{"start":{"line":66,"column":24},"end":{"line":68,"column":5}},"30":{"start":{"line":69,"column":4},"end":{"line":71,"column":5}},"31":{"start":{"line":70,"column":6},"end":{"line":70,"column":60}},"32":{"start":{"line":73,"column":4},"end":{"line":75,"column":5}},"33":{"start":{"line":74,"column":6},"end":{"line":74,"column":76}},"34":{"start":{"line":77,"column":4},"end":{"line":77,"column":26}},"35":{"start":{"line":79,"column":4},"end":{"line":83,"column":5}},"36":{"start":{"line":80,"column":6},"end":{"line":82,"column":8}},"37":{"start":{"line":86,"column":2},"end":{"line":95,"column":3}},"38":{"start":{"line":87,"column":29},"end":{"line":89,"column":5}},"39":{"start":{"line":90,"column":4},"end":{"line":94,"column":5}},"40":{"start":{"line":91,"column":6},"end":{"line":93,"column":8}},"41":{"start":{"line":97,"column":22},"end":{"line":105,"column":4}},"42":{"start":{"line":107,"column":2},"end":{"line":107,"column":62}},"43":{"start":{"line":110,"column":27},"end":{"line":141,"column":1}},"44":{"start":{"line":111,"column":22},"end":{"line":111,"column":68}},"45":{"start":{"line":112,"column":2},"end":{"line":114,"column":3}},"46":{"start":{"line":113,"column":4},"end":{"line":113,"column":51}},"47":{"start":{"line":116,"column":31},"end":{"line":118,"column":4}},"48":{"start":{"line":120,"column":2},"end":{"line":135,"column":3}},"49":{"start":{"line":121,"column":22},"end":{"line":123,"column":5}},"50":{"start":{"line":124,"column":19},"end":{"line":124,"column":78}},"51":{"start":{"line":125,"column":4},"end":{"line":128,"column":6}},"52":{"start":{"line":129,"column":4},"end":{"line":129,"column":48}},"53":{"start":{"line":131,"column":15},"end":{"line":131,"column":74}},"54":{"start":{"line":132,"column":19},"end":{"line":132,"column":57}},"55":{"start":{"line":133,"column":4},"end":{"line":133,"column":68}},"56":{"start":{"line":134,"column":4},"end":{"line":134,"column":41}},"57":{"start":{"line":136,"column":2},"end":{"line":138,"column":4}},"58":{"start":{"line":140,"column":2},"end":{"line":140,"column":30}},"59":{"start":{"line":145,"column":26},"end":{"line":277,"column":1}},"60":{"start":{"line":147,"column":29},"end":{"line":150,"column":3}},"61":{"start":{"line":152,"column":17},"end":{"line":154,"column":3}},"62":{"start":{"line":155,"column":26},"end":{"line":155,"column":65}},"63":{"start":{"line":156,"column":21},"end":{"line":156,"column":89}},"64":{"start":{"line":157,"column":22},"end":{"line":157,"column":44}},"65":{"start":{"line":159,"column":15},"end":{"line":159,"column":50}},"66":{"start":{"line":160,"column":15},"end":{"line":160,"column":50}},"67":{"start":{"line":162,"column":2},"end":{"line":274,"column":3}},"68":{"start":{"line":164,"column":4},"end":{"line":221,"column":5}},"69":{"start":{"line":165,"column":26},"end":{"line":167,"column":7}},"70":{"start":{"line":168,"column":31},"end":{"line":168,"column":49}},"71":{"start":{"line":169,"column":19},"end":{"line":169,"column":76}},"72":{"start":{"line":170,"column":24},"end":{"line":170,"column":35}},"73":{"start":{"line":172,"column":6},"end":{"line":182,"column":7}},"74":{"start":{"line":173,"column":8},"end":{"line":181,"column":10}},"75":{"start":{"line":183,"column":6},"end":{"line":188,"column":7}},"76":{"start":{"line":184,"column":8},"end":{"line":187,"column":10}},"77":{"start":{"line":189,"column":6},"end":{"line":199,"column":7}},"78":{"start":{"line":190,"column":8},"end":{"line":198,"column":10}},"79":{"start":{"line":201,"column":19},"end":{"line":201,"column":76}},"80":{"start":{"line":202,"column":24},"end":{"line":202,"column":35}},"81":{"start":{"line":204,"column":6},"end":{"line":209,"column":7}},"82":{"start":{"line":205,"column":8},"end":{"line":208,"column":10}},"83":{"start":{"line":210,"column":6},"end":{"line":220,"column":7}},"84":{"start":{"line":211,"column":8},"end":{"line":219,"column":10}},"85":{"start":{"line":222,"column":9},"end":{"line":274,"column":3}},"86":{"start":{"line":224,"column":20},"end":{"line":224,"column":77}},"87":{"start":{"line":226,"column":4},"end":{"line":243,"column":5}},"88":{"start":{"line":227,"column":26},"end":{"line":229,"column":7}},"89":{"start":{"line":230,"column":31},"end":{"line":230,"column":49}},"90":{"start":{"line":231,"column":19},"end":{"line":231,"column":76}},"91":{"start":{"line":232,"column":24},"end":{"line":232,"column":35}},"92":{"start":{"line":234,"column":6},"end":{"line":235,"column":69}},"93":{"start":{"line":235,"column":8},"end":{"line":235,"column":69}},"94":{"start":{"line":236,"column":6},"end":{"line":236,"column":75}},"95":{"start":{"line":236,"column":21},"end":{"line":236,"column":75}},"96":{"start":{"line":237,"column":6},"end":{"line":237,"column":79}},"97":{"start":{"line":237,"column":23},"end":{"line":237,"column":79}},"98":{"start":{"line":239,"column":19},"end":{"line":239,"column":76}},"99":{"start":{"line":240,"column":24},"end":{"line":240,"column":35}},"100":{"start":{"line":241,"column":6},"end":{"line":241,"column":75}},"101":{"start":{"line":241,"column":21},"end":{"line":241,"column":75}},"102":{"start":{"line":242,"column":6},"end":{"line":242,"column":79}},"103":{"start":{"line":242,"column":23},"end":{"line":242,"column":79}},"104":{"start":{"line":244,"column":9},"end":{"line":274,"column":3}},"105":{"start":{"line":247,"column":6},"end":{"line":247,"column":70}},"106":{"start":{"line":248,"column":20},"end":{"line":254,"column":5}},"107":{"start":{"line":256,"column":4},"end":{"line":273,"column":5}},"108":{"start":{"line":257,"column":26},"end":{"line":259,"column":7}},"109":{"start":{"line":260,"column":31},"end":{"line":260,"column":49}},"110":{"start":{"line":261,"column":19},"end":{"line":261,"column":76}},"111":{"start":{"line":262,"column":24},"end":{"line":262,"column":35}},"112":{"start":{"line":264,"column":6},"end":{"line":265,"column":69}},"113":{"start":{"line":265,"column":8},"end":{"line":265,"column":69}},"114":{"start":{"line":266,"column":6},"end":{"line":266,"column":75}},"115":{"start":{"line":266,"column":21},"end":{"line":266,"column":75}},"116":{"start":{"line":267,"column":6},"end":{"line":267,"column":79}},"117":{"start":{"line":267,"column":23},"end":{"line":267,"column":79}},"118":{"start":{"line":269,"column":19},"end":{"line":269,"column":76}},"119":{"start":{"line":270,"column":24},"end":{"line":270,"column":35}},"120":{"start":{"line":271,"column":6},"end":{"line":271,"column":75}},"121":{"start":{"line":271,"column":21},"end":{"line":271,"column":75}},"122":{"start":{"line":272,"column":6},"end":{"line":272,"column":79}},"123":{"start":{"line":272,"column":23},"end":{"line":272,"column":79}},"124":{"start":{"line":276,"column":2},"end":{"line":276,"column":28}},"125":{"start":{"line":279,"column":26},"end":{"line":285,"column":1}},"126":{"start":{"line":280,"column":22},"end":{"line":280,"column":71}},"127":{"start":{"line":281,"column":2},"end":{"line":283,"column":3}},"128":{"start":{"line":282,"column":4},"end":{"line":282,"column":51}},"129":{"start":{"line":284,"column":2},"end":{"line":284,"column":62}},"130":{"start":{"line":287,"column":30},"end":{"line":296,"column":1}},"131":{"start":{"line":288,"column":22},"end":{"line":291,"column":3}},"132":{"start":{"line":292,"column":2},"end":{"line":294,"column":3}},"133":{"start":{"line":293,"column":4},"end":{"line":293,"column":51}},"134":{"start":{"line":295,"column":2},"end":{"line":295,"column":62}},"135":{"start":{"line":298,"column":27},"end":{"line":356,"column":1}},"136":{"start":{"line":299,"column":23},"end":{"line":299,"column":71}},"137":{"start":{"line":300,"column":31},"end":{"line":343,"column":3}},"138":{"start":{"line":302,"column":35},"end":{"line":304,"column":8}},"139":{"start":{"line":305,"column":6},"end":{"line":307,"column":8}},"140":{"start":{"line":309,"column":6},"end":{"line":326,"column":7}},"141":{"start":{"line":310,"column":26},"end":{"line":312,"column":9}},"142":{"start":{"line":313,"column":23},"end":{"line":315,"column":9}},"143":{"start":{"line":316,"column":8},"end":{"line":319,"column":10}},"144":{"start":{"line":320,"column":8},"end":{"line":320,"column":52}},"145":{"start":{"line":322,"column":19},"end":{"line":322,"column":78}},"146":{"start":{"line":323,"column":23},"end":{"line":323,"column":61}},"147":{"start":{"line":324,"column":8},"end":{"line":324,"column":72}},"148":{"start":{"line":325,"column":8},"end":{"line":325,"column":45}},"149":{"start":{"line":328,"column":6},"end":{"line":333,"column":7}},"150":{"start":{"line":329,"column":29},"end":{"line":329,"column":119}},"151":{"start":{"line":330,"column":33},"end":{"line":330,"column":84}},"152":{"start":{"line":331,"column":8},"end":{"line":331,"column":61}},"153":{"start":{"line":332,"column":8},"end":{"line":332,"column":70}},"154":{"start":{"line":336,"column":6},"end":{"line":339,"column":7}},"155":{"start":{"line":337,"column":26},"end":{"line":337,"column":116}},"156":{"start":{"line":338,"column":8},"end":{"line":338,"column":55}},"157":{"start":{"line":341,"column":6},"end":{"line":341,"column":34}},"158":{"start":{"line":346,"column":23},"end":{"line":350,"column":8}},"159":{"start":{"line":347,"column":19},"end":{"line":347,"column":37}},"160":{"start":{"line":348,"column":4},"end":{"line":348,"column":41}},"161":{"start":{"line":349,"column":4},"end":{"line":349,"column":15}},"162":{"start":{"line":352,"column":2},"end":{"line":355,"column":4}},"163":{"start":{"line":358,"column":23},"end":{"line":375,"column":1}},"164":{"start":{"line":359,"column":15},"end":{"line":359,"column":35}},"165":{"start":{"line":362,"column":24},"end":{"line":365,"column":4}},"166":{"start":{"line":368,"column":24},"end":{"line":372,"column":4}},"167":{"start":{"line":374,"column":2},"end":{"line":374,"column":46}},"168":{"start":{"line":377,"column":30},"end":{"line":384,"column":1}},"169":{"start":{"line":378,"column":23},"end":{"line":380,"column":3}},"170":{"start":{"line":381,"column":2},"end":{"line":383,"column":4}},"171":{"start":{"line":382,"column":4},"end":{"line":382,"column":56}},"172":{"start":{"line":386,"column":37},"end":{"line":393,"column":1}},"173":{"start":{"line":387,"column":23},"end":{"line":389,"column":3}},"174":{"start":{"line":390,"column":2},"end":{"line":392,"column":4}},"175":{"start":{"line":391,"column":4},"end":{"line":391,"column":56}},"176":{"start":{"line":395,"column":37},"end":{"line":409,"column":1}},"177":{"start":{"line":397,"column":4},"end":{"line":397,"column":68}},"178":{"start":{"line":399,"column":32},"end":{"line":401,"column":3}},"179":{"start":{"line":400,"column":4},"end":{"line":400,"column":56}},"180":{"start":{"line":403,"column":2},"end":{"line":408,"column":4}},"181":{"start":{"line":412,"column":32},"end":{"line":467,"column":1}},"182":{"start":{"line":413,"column":23},"end":{"line":413,"column":78}},"183":{"start":{"line":414,"column":2},"end":{"line":416,"column":3}},"184":{"start":{"line":415,"column":4},"end":{"line":415,"column":14}},"185":{"start":{"line":418,"column":32},"end":{"line":464,"column":3}},"186":{"start":{"line":421,"column":35},"end":{"line":421,"column":87}},"187":{"start":{"line":424,"column":17},"end":{"line":424,"column":76}},"188":{"start":{"line":425,"column":25},"end":{"line":425,"column":63}},"189":{"start":{"line":426,"column":6},"end":{"line":426,"column":78}},"190":{"start":{"line":427,"column":6},"end":{"line":427,"column":43}},"191":{"start":{"line":430,"column":6},"end":{"line":435,"column":7}},"192":{"start":{"line":431,"column":26},"end":{"line":431,"column":106}},"193":{"start":{"line":432,"column":34},"end":{"line":432,"column":93}},"194":{"start":{"line":433,"column":8},"end":{"line":433,"column":108}},"195":{"start":{"line":434,"column":8},"end":{"line":434,"column":59}},"196":{"start":{"line":438,"column":6},"end":{"line":448,"column":7}},"197":{"start":{"line":439,"column":27},"end":{"line":439,"column":117}},"198":{"start":{"line":440,"column":8},"end":{"line":440,"column":90}},"199":{"start":{"line":441,"column":31},"end":{"line":441,"column":82}},"200":{"start":{"line":442,"column":8},"end":{"line":442,"column":51}},"201":{"start":{"line":444,"column":8},"end":{"line":447,"column":10}},"202":{"start":{"line":451,"column":6},"end":{"line":451,"column":117}},"203":{"start":{"line":452,"column":6},"end":{"line":452,"column":117}},"204":{"start":{"line":453,"column":6},"end":{"line":453,"column":83}},"205":{"start":{"line":456,"column":6},"end":{"line":459,"column":7}},"206":{"start":{"line":457,"column":24},"end":{"line":457,"column":114}},"207":{"start":{"line":458,"column":8},"end":{"line":458,"column":75}},"208":{"start":{"line":461,"column":6},"end":{"line":461,"column":98}},"209":{"start":{"line":462,"column":6},"end":{"line":462,"column":34}},"210":{"start":{"line":466,"column":2},"end":{"line":466,"column":31}},"211":{"start":{"line":473,"column":0},"end":{"line":485,"column":2}}},"fnMap":{"0":{"name":"(anonymous_0)","decl":{"start":{"line":20,"column":26},"end":{"line":20,"column":27}},"loc":{"start":{"line":20,"column":53},"end":{"line":108,"column":1}},"line":20},"1":{"name":"(anonymous_1)","decl":{"start":{"line":110,"column":27},"end":{"line":110,"column":28}},"loc":{"start":{"line":110,"column":41},"end":{"line":141,"column":1}},"line":110},"2":{"name":"(anonymous_2)","decl":{"start":{"line":145,"column":26},"end":{"line":145,"column":27}},"loc":{"start":{"line":145,"column":46},"end":{"line":277,"column":1}},"line":145},"3":{"name":"(anonymous_3)","decl":{"start":{"line":279,"column":26},"end":{"line":279,"column":27}},"loc":{"start":{"line":279,"column":40},"end":{"line":285,"column":1}},"line":279},"4":{"name":"(anonymous_4)","decl":{"start":{"line":287,"column":30},"end":{"line":287,"column":31}},"loc":{"start":{"line":287,"column":53},"end":{"line":296,"column":1}},"line":287},"5":{"name":"(anonymous_5)","decl":{"start":{"line":298,"column":27},"end":{"line":298,"column":28}},"loc":{"start":{"line":298,"column":39},"end":{"line":356,"column":1}},"line":298},"6":{"name":"(anonymous_6)","decl":{"start":{"line":301,"column":21},"end":{"line":301,"column":22}},"loc":{"start":{"line":301,"column":44},"end":{"line":342,"column":5}},"line":301},"7":{"name":"(anonymous_7)","decl":{"start":{"line":346,"column":51},"end":{"line":346,"column":52}},"loc":{"start":{"line":346,"column":73},"end":{"line":350,"column":3}},"line":346},"8":{"name":"(anonymous_8)","decl":{"start":{"line":358,"column":23},"end":{"line":358,"column":24}},"loc":{"start":{"line":358,"column":39},"end":{"line":375,"column":1}},"line":358},"9":{"name":"(anonymous_9)","decl":{"start":{"line":377,"column":30},"end":{"line":377,"column":31}},"loc":{"start":{"line":377,"column":49},"end":{"line":384,"column":1}},"line":377},"10":{"name":"(anonymous_10)","decl":{"start":{"line":381,"column":26},"end":{"line":381,"column":27}},"loc":{"start":{"line":382,"column":4},"end":{"line":382,"column":56}},"line":382},"11":{"name":"(anonymous_11)","decl":{"start":{"line":386,"column":37},"end":{"line":386,"column":38}},"loc":{"start":{"line":386,"column":63},"end":{"line":393,"column":1}},"line":386},"12":{"name":"(anonymous_12)","decl":{"start":{"line":390,"column":26},"end":{"line":390,"column":27}},"loc":{"start":{"line":391,"column":4},"end":{"line":391,"column":56}},"line":391},"13":{"name":"(anonymous_13)","decl":{"start":{"line":395,"column":37},"end":{"line":395,"column":38}},"loc":{"start":{"line":395,"column":55},"end":{"line":409,"column":1}},"line":395},"14":{"name":"(anonymous_14)","decl":{"start":{"line":399,"column":41},"end":{"line":399,"column":42}},"loc":{"start":{"line":400,"column":4},"end":{"line":400,"column":56}},"line":400},"15":{"name":"(anonymous_15)","decl":{"start":{"line":412,"column":32},"end":{"line":412,"column":33}},"loc":{"start":{"line":412,"column":46},"end":{"line":467,"column":1}},"line":412},"16":{"name":"(anonymous_16)","decl":{"start":{"line":419,"column":21},"end":{"line":419,"column":22}},"loc":{"start":{"line":419,"column":44},"end":{"line":463,"column":5}},"line":419}},"branchMap":{"0":{"loc":{"start":{"line":32,"column":2},"end":{"line":36,"column":3}},"type":"if","locations":[{"start":{"line":32,"column":2},"end":{"line":36,"column":3}},{"start":{},"end":{}}],"line":32},"1":{"loc":{"start":{"line":39,"column":2},"end":{"line":43,"column":3}},"type":"if","locations":[{"start":{"line":39,"column":2},"end":{"line":43,"column":3}},{"start":{},"end":{}}],"line":39},"2":{"loc":{"start":{"line":39,"column":6},"end":{"line":39,"column":28}},"type":"binary-expr","locations":[{"start":{"line":39,"column":6},"end":{"line":39,"column":11}},{"start":{"line":39,"column":15},"end":{"line":39,"column":28}}],"line":39},"3":{"loc":{"start":{"line":46,"column":2},"end":{"line":48,"column":3}},"type":"if","locations":[{"start":{"line":46,"column":2},"end":{"line":48,"column":3}},{"start":{},"end":{}}],"line":46},"4":{"loc":{"start":{"line":53,"column":2},"end":{"line":84,"column":3}},"type":"if","locations":[{"start":{"line":53,"column":2},"end":{"line":84,"column":3}},{"start":{"line":76,"column":9},"end":{"line":84,"column":3}}],"line":53},"5":{"loc":{"start":{"line":54,"column":4},"end":{"line":58,"column":5}},"type":"if","locations":[{"start":{"line":54,"column":4},"end":{"line":58,"column":5}},{"start":{},"end":{}}],"line":54},"6":{"loc":{"start":{"line":60,"column":4},"end":{"line":64,"column":5}},"type":"if","locations":[{"start":{"line":60,"column":4},"end":{"line":64,"column":5}},{"start":{},"end":{}}],"line":60},"7":{"loc":{"start":{"line":69,"column":4},"end":{"line":71,"column":5}},"type":"if","locations":[{"start":{"line":69,"column":4},"end":{"line":71,"column":5}},{"start":{},"end":{}}],"line":69},"8":{"loc":{"start":{"line":73,"column":4},"end":{"line":75,"column":5}},"type":"if","locations":[{"start":{"line":73,"column":4},"end":{"line":75,"column":5}},{"start":{},"end":{}}],"line":73},"9":{"loc":{"start":{"line":79,"column":4},"end":{"line":83,"column":5}},"type":"if","locations":[{"start":{"line":79,"column":4},"end":{"line":83,"column":5}},{"start":{},"end":{}}],"line":79},"10":{"loc":{"start":{"line":86,"column":2},"end":{"line":95,"column":3}},"type":"if","locations":[{"start":{"line":86,"column":2},"end":{"line":95,"column":3}},{"start":{},"end":{}}],"line":86},"11":{"loc":{"start":{"line":86,"column":6},"end":{"line":86,"column":63}},"type":"binary-expr","locations":[{"start":{"line":86,"column":6},"end":{"line":86,"column":24}},{"start":{"line":86,"column":29},"end":{"line":86,"column":41}},{"start":{"line":86,"column":45},"end":{"line":86,"column":62}}],"line":86},"12":{"loc":{"start":{"line":90,"column":4},"end":{"line":94,"column":5}},"type":"if","locations":[{"start":{"line":90,"column":4},"end":{"line":94,"column":5}},{"start":{},"end":{}}],"line":90},"13":{"loc":{"start":{"line":102,"column":12},"end":{"line":102,"column":31}},"type":"binary-expr","locations":[{"start":{"line":102,"column":12},"end":{"line":102,"column":18}},{"start":{"line":102,"column":22},"end":{"line":102,"column":31}}],"line":102},"14":{"loc":{"start":{"line":112,"column":2},"end":{"line":114,"column":3}},"type":"if","locations":[{"start":{"line":112,"column":2},"end":{"line":114,"column":3}},{"start":{},"end":{}}],"line":112},"15":{"loc":{"start":{"line":120,"column":2},"end":{"line":135,"column":3}},"type":"if","locations":[{"start":{"line":120,"column":2},"end":{"line":135,"column":3}},{"start":{"line":130,"column":9},"end":{"line":135,"column":3}}],"line":120},"16":{"loc":{"start":{"line":127,"column":13},"end":{"line":127,"column":49}},"type":"cond-expr","locations":[{"start":{"line":127,"column":33},"end":{"line":127,"column":42}},{"start":{"line":127,"column":45},"end":{"line":127,"column":49}}],"line":127},"17":{"loc":{"start":{"line":133,"column":29},"end":{"line":133,"column":65}},"type":"cond-expr","locations":[{"start":{"line":133,"column":49},"end":{"line":133,"column":58}},{"start":{"line":133,"column":61},"end":{"line":133,"column":65}}],"line":133},"18":{"loc":{"start":{"line":162,"column":2},"end":{"line":274,"column":3}},"type":"if","locations":[{"start":{"line":162,"column":2},"end":{"line":274,"column":3}},{"start":{"line":222,"column":9},"end":{"line":274,"column":3}}],"line":162},"19":{"loc":{"start":{"line":164,"column":4},"end":{"line":221,"column":5}},"type":"if","locations":[{"start":{"line":164,"column":4},"end":{"line":221,"column":5}},{"start":{"line":200,"column":11},"end":{"line":221,"column":5}}],"line":164},"20":{"loc":{"start":{"line":172,"column":6},"end":{"line":182,"column":7}},"type":"if","locations":[{"start":{"line":172,"column":6},"end":{"line":182,"column":7}},{"start":{},"end":{}}],"line":172},"21":{"loc":{"start":{"line":183,"column":6},"end":{"line":188,"column":7}},"type":"if","locations":[{"start":{"line":183,"column":6},"end":{"line":188,"column":7}},{"start":{},"end":{}}],"line":183},"22":{"loc":{"start":{"line":189,"column":6},"end":{"line":199,"column":7}},"type":"if","locations":[{"start":{"line":189,"column":6},"end":{"line":199,"column":7}},{"start":{},"end":{}}],"line":189},"23":{"loc":{"start":{"line":204,"column":6},"end":{"line":209,"column":7}},"type":"if","locations":[{"start":{"line":204,"column":6},"end":{"line":209,"column":7}},{"start":{},"end":{}}],"line":204},"24":{"loc":{"start":{"line":210,"column":6},"end":{"line":220,"column":7}},"type":"if","locations":[{"start":{"line":210,"column":6},"end":{"line":220,"column":7}},{"start":{},"end":{}}],"line":210},"25":{"loc":{"start":{"line":222,"column":9},"end":{"line":274,"column":3}},"type":"if","locations":[{"start":{"line":222,"column":9},"end":{"line":274,"column":3}},{"start":{"line":244,"column":9},"end":{"line":274,"column":3}}],"line":222},"26":{"loc":{"start":{"line":226,"column":4},"end":{"line":243,"column":5}},"type":"if","locations":[{"start":{"line":226,"column":4},"end":{"line":243,"column":5}},{"start":{"line":238,"column":11},"end":{"line":243,"column":5}}],"line":226},"27":{"loc":{"start":{"line":234,"column":6},"end":{"line":235,"column":69}},"type":"if","locations":[{"start":{"line":234,"column":6},"end":{"line":235,"column":69}},{"start":{},"end":{}}],"line":234},"28":{"loc":{"start":{"line":236,"column":6},"end":{"line":236,"column":75}},"type":"if","locations":[{"start":{"line":236,"column":6},"end":{"line":236,"column":75}},{"start":{},"end":{}}],"line":236},"29":{"loc":{"start":{"line":237,"column":6},"end":{"line":237,"column":79}},"type":"if","locations":[{"start":{"line":237,"column":6},"end":{"line":237,"column":79}},{"start":{},"end":{}}],"line":237},"30":{"loc":{"start":{"line":241,"column":6},"end":{"line":241,"column":75}},"type":"if","locations":[{"start":{"line":241,"column":6},"end":{"line":241,"column":75}},{"start":{},"end":{}}],"line":241},"31":{"loc":{"start":{"line":242,"column":6},"end":{"line":242,"column":79}},"type":"if","locations":[{"start":{"line":242,"column":6},"end":{"line":242,"column":79}},{"start":{},"end":{}}],"line":242},"32":{"loc":{"start":{"line":244,"column":9},"end":{"line":274,"column":3}},"type":"if","locations":[{"start":{"line":244,"column":9},"end":{"line":274,"column":3}},{"start":{},"end":{}}],"line":244},"33":{"loc":{"start":{"line":247,"column":6},"end":{"line":247,"column":70}},"type":"binary-expr","locations":[{"start":{"line":247,"column":6},"end":{"line":247,"column":36}},{"start":{"line":247,"column":40},"end":{"line":247,"column":70}}],"line":247},"34":{"loc":{"start":{"line":256,"column":4},"end":{"line":273,"column":5}},"type":"if","locations":[{"start":{"line":256,"column":4},"end":{"line":273,"column":5}},{"start":{"line":268,"column":11},"end":{"line":273,"column":5}}],"line":256},"35":{"loc":{"start":{"line":264,"column":6},"end":{"line":265,"column":69}},"type":"if","locations":[{"start":{"line":264,"column":6},"end":{"line":265,"column":69}},{"start":{},"end":{}}],"line":264},"36":{"loc":{"start":{"line":266,"column":6},"end":{"line":266,"column":75}},"type":"if","locations":[{"start":{"line":266,"column":6},"end":{"line":266,"column":75}},{"start":{},"end":{}}],"line":266},"37":{"loc":{"start":{"line":267,"column":6},"end":{"line":267,"column":79}},"type":"if","locations":[{"start":{"line":267,"column":6},"end":{"line":267,"column":79}},{"start":{},"end":{}}],"line":267},"38":{"loc":{"start":{"line":271,"column":6},"end":{"line":271,"column":75}},"type":"if","locations":[{"start":{"line":271,"column":6},"end":{"line":271,"column":75}},{"start":{},"end":{}}],"line":271},"39":{"loc":{"start":{"line":272,"column":6},"end":{"line":272,"column":79}},"type":"if","locations":[{"start":{"line":272,"column":6},"end":{"line":272,"column":79}},{"start":{},"end":{}}],"line":272},"40":{"loc":{"start":{"line":281,"column":2},"end":{"line":283,"column":3}},"type":"if","locations":[{"start":{"line":281,"column":2},"end":{"line":283,"column":3}},{"start":{},"end":{}}],"line":281},"41":{"loc":{"start":{"line":292,"column":2},"end":{"line":294,"column":3}},"type":"if","locations":[{"start":{"line":292,"column":2},"end":{"line":294,"column":3}},{"start":{},"end":{}}],"line":292},"42":{"loc":{"start":{"line":309,"column":6},"end":{"line":326,"column":7}},"type":"if","locations":[{"start":{"line":309,"column":6},"end":{"line":326,"column":7}},{"start":{"line":321,"column":13},"end":{"line":326,"column":7}}],"line":309},"43":{"loc":{"start":{"line":318,"column":17},"end":{"line":318,"column":53}},"type":"cond-expr","locations":[{"start":{"line":318,"column":37},"end":{"line":318,"column":46}},{"start":{"line":318,"column":49},"end":{"line":318,"column":53}}],"line":318},"44":{"loc":{"start":{"line":324,"column":33},"end":{"line":324,"column":69}},"type":"cond-expr","locations":[{"start":{"line":324,"column":53},"end":{"line":324,"column":62}},{"start":{"line":324,"column":65},"end":{"line":324,"column":69}}],"line":324},"45":{"loc":{"start":{"line":328,"column":6},"end":{"line":333,"column":7}},"type":"if","locations":[{"start":{"line":328,"column":6},"end":{"line":333,"column":7}},{"start":{},"end":{}}],"line":328},"46":{"loc":{"start":{"line":336,"column":6},"end":{"line":339,"column":7}},"type":"if","locations":[{"start":{"line":336,"column":6},"end":{"line":339,"column":7}},{"start":{},"end":{}}],"line":336},"47":{"loc":{"start":{"line":348,"column":19},"end":{"line":348,"column":35}},"type":"binary-expr","locations":[{"start":{"line":348,"column":19},"end":{"line":348,"column":30}},{"start":{"line":348,"column":34},"end":{"line":348,"column":35}}],"line":348},"48":{"loc":{"start":{"line":414,"column":2},"end":{"line":416,"column":3}},"type":"if","locations":[{"start":{"line":414,"column":2},"end":{"line":416,"column":3}},{"start":{},"end":{}}],"line":414},"49":{"loc":{"start":{"line":414,"column":6},"end":{"line":414,"column":48}},"type":"binary-expr","locations":[{"start":{"line":414,"column":6},"end":{"line":414,"column":19}},{"start":{"line":414,"column":23},"end":{"line":414,"column":48}}],"line":414},"50":{"loc":{"start":{"line":426,"column":31},"end":{"line":426,"column":75}},"type":"cond-expr","locations":[{"start":{"line":426,"column":55},"end":{"line":426,"column":68}},{"start":{"line":426,"column":71},"end":{"line":426,"column":75}}],"line":426},"51":{"loc":{"start":{"line":430,"column":6},"end":{"line":435,"column":7}},"type":"if","locations":[{"start":{"line":430,"column":6},"end":{"line":435,"column":7}},{"start":{},"end":{}}],"line":430},"52":{"loc":{"start":{"line":433,"column":47},"end":{"line":433,"column":105}},"type":"cond-expr","locations":[{"start":{"line":433,"column":78},"end":{"line":433,"column":98}},{"start":{"line":433,"column":101},"end":{"line":433,"column":105}}],"line":433},"53":{"loc":{"start":{"line":438,"column":6},"end":{"line":448,"column":7}},"type":"if","locations":[{"start":{"line":438,"column":6},"end":{"line":448,"column":7}},{"start":{},"end":{}}],"line":438},"54":{"loc":{"start":{"line":456,"column":6},"end":{"line":459,"column":7}},"type":"if","locations":[{"start":{"line":456,"column":6},"end":{"line":459,"column":7}},{"start":{},"end":{}}],"line":456}},"s":{"0":1,"1":1,"2":1,"3":1,"4":1,"5":1,"6":1,"7":1,"8":1,"9":1,"10":1,"11":1,"12":1,"13":0,"14":0,"15":0,"16":0,"17":0,"18":0,"19":0,"20":0,"21":0,"22":0,"23":0,"24":0,"25":0,"26":0,"27":0,"28":0,"29":0,"30":0,"31":0,"32":0,"33":0,"34":0,"35":0,"36":0,"37":0,"38":0,"39":0,"40":0,"41":0,"42":0,"43":1,"44":0,"45":0,"46":0,"47":0,"48":0,"49":0,"50":0,"51":0,"52":0,"53":0,"54":0,"55":0,"56":0,"57":0,"58":0,"59":1,"60":0,"61":0,"62":0,"63":0,"64":0,"65":0,"66":0,"67":0,"68":0,"69":0,"70":0,"71":0,"72":0,"73":0,"74":0,"75":0,"76":0,"77":0,"78":0,"79":0,"80":0,"81":0,"82":0,"83":0,"84":0,"85":0,"86":0,"87":0,"88":0,"89":0,"90":0,"91":0,"92":0,"93":0,"94":0,"95":0,"96":0,"97":0,"98":0,"99":0,"100":0,"101":0,"102":0,"103":0,"104":0,"105":0,"106":0,"107":0,"108":0,"109":0,"110":0,"111":0,"112":0,"113":0,"114":0,"115":0,"116":0,"117":0,"118":0,"119":0,"120":0,"121":0,"122":0,"123":0,"124":0,"125":1,"126":0,"127":0,"128":0,"129":0,"130":1,"131":0,"132":0,"133":0,"134":0,"135":1,"136":0,"137":0,"138":0,"139":0,"140":0,"141":0,"142":0,"143":0,"144":0,"145":0,"146":0,"147":0,"148":0,"149":0,"150":0,"151":0,"152":0,"153":0,"154":0,"155":0,"156":0,"157":0,"158":0,"159":0,"160":0,"161":0,"162":0,"163":1,"164":0,"165":0,"166":0,"167":0,"168":1,"169":0,"170":0,"171":0,"172":1,"173":0,"174":0,"175":0,"176":1,"177":0,"178":0,"179":0,"180":0,"181":1,"182":0,"183":0,"184":0,"185":0,"186":0,"187":0,"188":0,"189":0,"190":0,"191":0,"192":0,"193":0,"194":0,"195":0,"196":0,"197":0,"198":0,"199":0,"200":0,"201":0,"202":0,"203":0,"204":0,"205":0,"206":0,"207":0,"208":0,"209":0,"210":0,"211":1},"f":{"0":0,"1":0,"2":0,"3":0,"4":0,"5":0,"6":0,"7":0,"8":0,"9":0,"10":0,"11":0,"12":0,"13":0,"14":0,"15":0,"16":0},"b":{"0":[0,0],"1":[0,0],"2":[0,0],"3":[0,0],"4":[0,0],"5":[0,0],"6":[0,0],"7":[0,0],"8":[0,0],"9":[0,0],"10":[0,0],"11":[0,0,0],"12":[0,0],"13":[0,0],"14":[0,0],"15":[0,0],"16":[0,0],"17":[0,0],"18":[0,0],"19":[0,0],"20":[0,0],"21":[0,0],"22":[0,0],"23":[0,0],"24":[0,0],"25":[0,0],"26":[0,0],"27":[0,0],"28":[0,0],"29":[0,0],"30":[0,0],"31":[0,0],"32":[0,0],"33":[0,0],"34":[0,0],"35":[0,0],"36":[0,0],"37":[0,0],"38":[0,0],"39":[0,0],"40":[0,0],"41":[0
[...]
7}},"41":{"start":{"line":149,"column":6},"end":{"line":156,"column":9}},"42":{"start":{"line":158,"column":6},"end":{"line":158,"column":66}},"43":{"start":{"line":164,"column":4},"end":{"line":176,"column":5}},"44":{"start":{"line":165,"column":20},"end":{"line":171,"column":7}},"45":{"start":{"line":173,"column":6},"end":{"line":173,"column":64}},"46":{"start":{"line":175,"column":6},"end":{"line":175,"column":72}},"47":{"start":{"line":181,"column":26},"end":{"line":181,"column":96}},"48":{"start":{"line":182,"column":4},"end":{"line":185,"column":21}},"49":{"start":{"line":190,"column":4},"end":{"line":204,"column":5}},"50":{"start":{"line":191,"column":23},"end":{"line":198,"column":7}},"51":{"start":{"line":200,"column":6},"end":{"line":200,"column":27}},"52":{"start":{"line":202,"column":6},"end":{"line":202,"column":72}},"53":{"start":{"line":203,"column":6},"end":{"line":203,"column":86}},"54":{"start":{"line":208,"column":0},"end":{"line":208,"column":37}}},"fnMap":{"0":{"name":"(anonymous_0)","decl":{"start":{"line":7,"column":2},"end":{"line":7,"column":3}},"loc":{"start":{"line":7,"column":16},"end":{"line":11,"column":3}},"line":7},"1":{"name":"(anonymous_1)","decl":{"start":{"line":14,"column":2},"end":{"line":14,"column":3}},"loc":{"start":{"line":14,"column":78},"end":{"line":52,"column":3}},"line":14},"2":{"name":"(anonymous_2)","decl":{"start":{"line":55,"column":2},"end":{"line":55,"column":3}},"loc":{"start":{"line":55,"column":55},"end":{"line":87,"column":3}},"line":55},"3":{"name":"(anonymous_3)","decl":{"start":{"line":90,"column":2},"end":{"line":90,"column":3}},"loc":{"start":{"line":90,"column":36},"end":{"line":116,"column":3}},"line":90},"4":{"name":"(anonymous_4)","decl":{"start":{"line":119,"column":2},"end":{"line":119,"column":3}},"loc":{"start":{"line":119,"column":39},"end":{"line":133,"column":3}},"line":119},"5":{"name":"(anonymous_5)","decl":{"start":{"line":136,"column":2},"end":{"line":136,"column":3}},"loc":{"start":{"line":136,"column":77},"end":{"line":160,"column":3}},"line":136},"6":{"name":"(anonymous_6)","decl":{"start":{"line":163,"column":2},"end":{"line":163,"column":3}},"loc":{"start":{"line":163,"column":64},"end":{"line":177,"column":3}},"line":163},"7":{"name":"(anonymous_7)","decl":{"start":{"line":180,"column":2},"end":{"line":180,"column":3}},"loc":{"start":{"line":180,"column":33},"end":{"line":186,"column":3}},"line":180},"8":{"name":"(anonymous_8)","decl":{"start":{"line":189,"column":2},"end":{"line":189,"column":3}},"loc":{"start":{"line":189,"column":45},"end":{"line":205,"column":3}},"line":189}},"branchMap":{"0":{"loc":{"start":{"line":8,"column":26},"end":{"line":8,"column":60}},"type":"binary-expr","locations":[{"start":{"line":8,"column":26},"end":{"line":8,"column":54}},{"start":{"line":8,"column":58},"end":{"line":8,"column":60}}],"line":8},"1":{"loc":{"start":{"line":9,"column":27},"end":{"line":9,"column":62}},"type":"binary-expr","locations":[{"start":{"line":9,"column":27},"end":{"line":9,"column":56}},{"start":{"line":9,"column":60},"end":{"line":9,"column":62}}],"line":9},"2":{"loc":{"start":{"line":10,"column":24},"end":{"line":10,"column":86}},"type":"binary-expr","locations":[{"start":{"line":10,"column":24},"end":{"line":10,"column":50}},{"start":{"line":10,"column":54},"end":{"line":10,"column":86}}],"line":10},"3":{"loc":{"start":{"line":49,"column":50},"end":{"line":49,"column":87}},"type":"binary-expr","locations":[{"start":{"line":49,"column":50},"end":{"line":49,"column":70}},{"start":{"line":49,"column":74},"end":{"line":49,"column":87}}],"line":49},"4":{"loc":{"start":{"line":72,"column":22},"end":{"line":73,"column":55}},"type":"binary-expr","locations":[{"start":{"line":72,"column":22},"end":{"line":72,"column":53}},{"start":{"line":73,"column":22},"end":{"line":73,"column":55}}],"line":72},"5":{"loc":{"start":{"line":93,"column":4},"end":{"line":113,"column":5}},"type":"if","locations":[{"start":{"line":93,"column":4},"end":{"line":113,"column":5}},{"start":{},"end":{}}],"line":93},"6":{"loc":{"start":{"line":100,"column":8},"end":{"line":106,"column":9}},"type":"if","locations":[{"start":{"line":100,"column":8},"end":{"line":106,"column":9}},{"start":{},"end":{}}],"line":100}},"s":{"0":2,"1":2,"2":2,"3":2,"4":5,"5":5,"6":5,"7":2,"8":2,"9":2,"10":1,"11":1,"12":1,"13":1,"14":2,"15":2,"16":2,"17":2,"18":2,"19":2,"20":2,"21":0,"22":0,"23":0,"24":0,"25":0,"26":0,"27":0,"28":0,"29":0,"30":0,"31":0,"32":0,"33":0,"34":0,"35":0,"36":0,"37":0,"38":0,"39":1,"40":1,"41":1,"42":0,"43":2,"44":2,"45":2,"46":0,"47":4,"48":4,"49":0,"50":0,"51":0,"52":0,"53":0,"54":2},"f":{"0":5,"1":2,"2":2,"3":0,"4":0,"5":1,"6":2,"7":4,"8":0},"b":{"0":[5,4],"1":[5,4],"2":[5,4],"3":[1,1],"4":[2,2],"5":[0,0],"6":[0,0]},"_coverageSchema":"1a1c01bbd47fc00a2c39e90264f33305004495a9","hash":"e4740e0cd2cdb58099a8eb217e6fa54a6f3bd1af"}
,"D:\\Beneficiate\\backend_beneficiate\\src\\utils\\date.util.js": {"path":"D:\\Beneficiate\\backend_beneficiate\\src\\utils\\date.util.js","statementMap":{"0":{"start":{"line":1,"column":19},"end":{"line":1,"column":38}},"1":{"start":{"line":9,"column":19},"end":{"line":21,"column":1}},"2":{"start":{"line":10,"column":2},"end":{"line":10,"column":25}},"3":{"start":{"line":10,"column":13},"end":{"line":10,"column":25}},"4":{"start":{"line":12,"column":2},"end":{"line":20,"column":3}},"5":{"start":{"line":13,"column":23},"end":{"line":13,"column":37}},"6":{"start":{"line":14,"column":4},"end":{"line":14,"column":39}},"7":{"start":{"line":14,"column":27},"end":{"line":14,"column":39}},"8":{"start":{"line":16,"column":4},"end":{"line":16,"column":41}},"9":{"start":{"line":18,"column":4},"end":{"line":18,"column":57}},"10":{"start":{"line":19,"column":4},"end":{"line":19,"column":16}},"11":{"start":{"line":29,"column":26},"end":{"line":42,"column":1}},"12":{"start":{"line":30,"column":2},"end":{"line":40,"column":3}},"13":{"start":{"line":31,"column":4},"end":{"line":31,"column":63}},"14":{"start":{"line":31,"column":30},"end":{"line":31,"column":61}},"15":{"start":{"line":32,"column":9},"end":{"line":40,"column":3}},"16":{"start":{"line":33,"column":26},"end":{"line":33,"column":37}},"17":{"start":{"line":34,"column":4},"end":{"line":38,"column":7}},"18":{"start":{"line":35,"column":6},"end":{"line":37,"column":7}},"19":{"start":{"line":36,"column":8},"end":{"line":36,"column":64}},"20":{"start":{"line":39,"column":4},"end":{"line":39,"column":25}},"21":{"start":{"line":41,"column":2},"end":{"line":41,"column":14}},"22":{"start":{"line":46,"column":30},"end":{"line":50,"column":1}},"23":{"start":{"line":47,"column":2},"end":{"line":47,"column":29}},"24":{"start":{"line":47,"column":19},"end":{"line":47,"column":29}},"25":{"start":{"line":48,"column":15},"end":{"line":48,"column":35}},"26":{"start":{"line":49,"column":2},"end":{"line":49,"column":94}},"27":{"start":{"line":53,"column":30},"end":{"line":60,"column":1}},"28":{"start":{"line":54,"column":2},"end":{"line":54,"column":29}},"29":{"start":{"line":54,"column":19},"end":{"line":54,"column":29}},"30":{"start":{"line":56,"column":36},"end":{"line":56,"column":57}},"31":{"start":{"line":57,"column":15},"end":{"line":57,"column":25}},"32":{"start":{"line":58,"column":2},"end":{"line":58,"column":78}},"33":{"start":{"line":59,"column":2},"end":{"line":59,"column":96}},"34":{"start":{"line":63,"column":19},"end":{"line":69,"column":1}},"35":{"start":{"line":64,"column":2},"end":{"line":64,"column":29}},"36":{"start":{"line":64,"column":19},"end":{"line":64,"column":29}},"37":{"start":{"line":65,"column":15},"end":{"line":65,"column":35}},"38":{"start":{"line":66,"column":16},"end":{"line":66,"column":69}},"39":{"start":{"line":68,"column":2},"end":{"line":68,"column":60}},"40":{"start":{"line":72,"column":0},"end":{"line":72,"column":109}}},"fnMap":{"0":{"name":"(anonymous_0)","decl":{"start":{"line":9,"column":19},"end":{"line":9,"column":20}},"loc":{"start":{"line":9,"column":55},"end":{"line":21,"column":1}},"line":9},"1":{"name":"(anonymous_1)","decl":{"start":{"line":29,"column":26},"end":{"line":29,"column":27}},"loc":{"start":{"line":29,"column":129},"end":{"line":42,"column":1}},"line":29},"2":{"name":"(anonymous_2)","decl":{"start":{"line":31,"column":20},"end":{"line":31,"column":21}},"loc":{"start":{"line":31,"column":30},"end":{"line":31,"column":61}},"line":31},"3":{"name":"(anonymous_3)","decl":{"start":{"line":34,"column":19},"end":{"line":34,"column":20}},"loc":{"start":{"line":34,"column":30},"end":{"line":38,"column":5}},"line":34},"4":{"name":"(anonymous_4)","decl":{"start":{"line":46,"column":30},"end":{"line":46,"column":31}},"loc":{"start":{"line":46,"column":46},"end":{"line":50,"column":1}},"line":46},"5":{"name":"(anonymous_5)","decl":{"start":{"line":53,"column":30},"end":{"line":53,"column":31}},"loc":{"start":{"line":53,"column":46},"end":{"line":60,"column":1}},"line":53},"6":{"name":"(anonymous_6)","decl":{"start":{"line":63,"column":19},"end":{"line":63,"column":20}},"loc":{"start":{"line":63,"column":35},"end":{"line":69,"column":1}},"line":63}},"branchMap":{"0":{"loc":{"start":{"line":9,"column":26},"end":{"line":9,"column":50}},"type":"default-arg","locations":[{"start":{"line":9,"column":38},"end":{"line":9,"column":50}}],"line":9},"1":{"loc":{"start":{"line":10,"column":2},"end":{"line":10,"column":25}},"type":"if","locations":[{"start":{"line":10,"column":2},"end":{"line":10,"column":25}},{"start":{},"end":{}}],"line":10},"2":{"loc":{"start":{"line":14,"column":4},"end":{"line":14,"column":39}},"type":"if","locations":[{"start":{"line":14,"column":4},"end":{"line":14,"column":39}},{"start":{},"end":{}}],"line":14},"3":{"loc":{"start":{"line":29,"column":33},"end":{"line":29,"column":124}},"type":"default-arg","locations":[{"start":{"line":29,"column":42},"end":{"line":29,"column":124}}],"line":29},"4":{"loc":{"start":{"line":30,"column":2},"end":{"line":40,"column":3}},"type":"if","locations":[{"start":{"line":30,"column":2},"end":{"line":40,"column":3}},{"start":{"line":32,"column":9},"end":{"line":40,"column":3}}],"line":30},"5":{"loc":{"start":{"line":32,"column":9},"end":{"line":40,"column":3}},"type":"if","locations":[{"start":{"line":32,"column":9},"end":{"line":40,"column":3}},{"start":{},"end":{}}],"line":32},"6":{"loc":{"start":{"line":32,"column":13},"end":{"line":32,"column":54}},"type":"binary-expr","locations":[{"start":{"line":32,"column":13},"end":{"line":32,"column":37}},{"start":{"line":32,"column":41},"end":{"line":32,"column":54}}],"line":32},"7":{"loc":{"start":{"line":35,"column":6},"end":{"line":37,"column":7}},"type":"if","locations":[{"start":{"line":35,"column":6},"end":{"line":37,"column":7}},{"start":{},"end":{}}],"line":35},"8":{"loc":{"start":{"line":47,"column":2},"end":{"line":47,"column":29}},"type":"if","locations":[{"start":{"line":47,"column":2},"end":{"line":47,"column":29}},{"start":{},"end":{}}],"line":47},"9":{"loc":{"start":{"line":54,"column":2},"end":{"line":54,"column":29}},"type":"if","locations":[{"start":{"line":54,"column":2},"end":{"line":54,"column":29}},{"start":{},"end":{}}],"line":54},"10":{"loc":{"start":{"line":58,"column":61},"end":{"line":58,"column":75}},"type":"binary-expr","locations":[{"start":{"line":58,"column":61},"end":{"line":58,"column":68}},{"start":{"line":58,"column":72},"end":{"line":58,"column":75}}],"line":58},"11":{"loc":{"start":{"line":64,"column":2},"end":{"line":64,"column":29}},"type":"if","locations":[{"start":{"line":64,"column":2},"end":{"line":64,"column":29}},{"start":{},"end":{}}],"line":64}},"s":{"0":1,"1":1,"2":0,"3":0,"4":0,"5":0,"6":0,"7":0,"8":0,"9":0,"10":0,"11":1,"12":0,"13":0,"14":0,"15":0,"16":0,"17":0,"18":0,"19":0,"20":0,"21":0,"22":1,"23":0,"24":0,"25":0,"26":0,"27":1,"28":0,"29":0,"30":0,"31":0,"32":0,"33":0,"34":1,"35":0,"36":0,"37":0,"38":0,"39":0,"40":1},"f":{"0":0,"1":0,"2":0,"3":0,"4":0,"5":0,"6":0},"b":{"0":[0],"1":[0,0],"2":[0,0],"3":[0],"4":[0,0],"5":[0,0],"6":[0,0],"7":[0,0],"8":[0,0],"9":[0,0],"10":[0,0],"11":[0,0]},"_coverageSchema":"1a1c01bbd47fc00a2c39e90264f33305004495a9","hash":"9ad9d37e6b0357200cc18c9793a629bd20c0d1ac"}
,"D:\\Beneficiate\\backend_beneficiate\\src\\utils\\emailConf.js": {"path":"D:\\Beneficiate\\backend_beneficiate\\src\\utils\\emailConf.js","statementMap":{"0":{"start":{"line":1,"column":19},"end":{"line":1,"column":40}},"1":{"start":{"line":3,"column":20},"end":{"line":9,"column":2}},"2":{"start":{"line":11,"column":0},"end":{"line":11,"column":29}}},"fnMap":{},"branchMap":{},"s":{"0":1,"1":1,"2":1},"f":{},"b":{},"_coverageSchema":"1a1c01bbd47fc00a2c39e90264f33305004495a9","hash":"b57cb3e9cd6eb606066c753feb1176f53a38e8d1"}
,"D:\\Beneficiate\\backend_beneficiate\\src\\utils\\image.utils.js": {"path":"D:\\Beneficiate\\backend_beneficiate\\src\\utils\\image.utils.js","statementMap":{"0":{"start":{"line":1,"column":11},"end":{"line":1,"column":24}},"1":{"start":{"line":2,"column":13},"end":{"line":2,"column":28}},"2":{"start":{"line":5,"column":2},"end":{"line":35,"column":3}},"3":{"start":{"line":6,"column":4},"end":{"line":8,"column":5}},"4":{"start":{"line":7,"column":6},"end":{"line":7,"column":76}},"5":{"start":{"line":10,"column":18},"end":{"line":10,"column":60}},"6":{"start":{"line":11,"column":4},"end":{"line":13,"column":5}},"7":{"start":{"line":12,"column":6},"end":{"line":12,"column":53}},"8":{"start":{"line":15,"column":22},"end":{"line":15,"column":30}},"9":{"start":{"line":16,"column":21},"end":{"line":16,"column":67}},"10":{"start":{"line":19,"column":19},"end":{"line":19,"column":50}},"11":{"start":{"line":20,"column":4},"end":{"line":22,"column":5}},"12":{"start":{"line":21,"column":6},"end":{"line":21,"column":67}},"13":{"start":{"line":24,"column":23},"end":{"line":24,"column":69}},"14":{"start":{"line":25,"column":26},"end":{"line":25,"column":55}},"15":{"start":{"line":26,"column":21},"end":{"line":26,"column":55}},"16":{"start":{"line":28,"column":4},"end":{"line":28,"column":64}},"17":{"start":{"line":30,"column":4},"end":{"line":30,"column":50}},"18":{"start":{"line":32,"column":4},"end":{"line":32,"column":20}},"19":{"start":{"line":34,"column":4},"end":{"line":34,"column":70}},"20":{"start":{"line":39,"column":2},"end":{"line":44,"column":3}},"21":{"start":{"line":40,"column":4},"end":{"line":40,"column":39}},"22":{"start":{"line":41,"column":4},"end":{"line":41,"column":39}},"23":{"start":{"line":43,"column":4},"end":{"line":43,"column":69}},"24":{"start":{"line":47,"column":0},"end":{"line":50,"column":2}}},"fnMap":{"0":{"name":"buildImage","decl":{"start":{"line":4,"column":15},"end":{"line":4,"column":25}},"loc":{"start":{"line":4,"column":47},"end":{"line":36,"column":1}},"line":4},"1":{"name":"deleteImage","decl":{"start":{"line":38,"column":15},"end":{"line":38,"column":26}},"loc":{"start":{"line":38,"column":37},"end":{"line":45,"column":1}},"line":38}},"branchMap":{"0":{"loc":{"start":{"line":6,"column":4},"end":{"line":8,"column":5}},"type":"if","locations":[{"start":{"line":6,"column":4},"end":{"line":8,"column":5}},{"start":{},"end":{}}],"line":6},"1":{"loc":{"start":{"line":6,"column":8},"end":{"line":6,"column":45}},"type":"binary-expr","locations":[{"start":{"line":6,"column":8},"end":{"line":6,"column":15}},{"start":{"line":6,"column":19},"end":{"line":6,"column":45}}],"line":6},"2":{"loc":{"start":{"line":11,"column":4},"end":{"line":13,"column":5}},"type":"if","locations":[{"start":{"line":11,"column":4},"end":{"line":13,"column":5}},{"start":{},"end":{}}],"line":11},"3":{"loc":{"start":{"line":20,"column":4},"end":{"line":22,"column":5}},"type":"if","locations":[{"start":{"line":20,"column":4},"end":{"line":22,"column":5}},{"start":{},"end":{}}],"line":20},"4":{"loc":{"start":{"line":24,"column":23},"end":{"line":24,"column":69}},"type":"binary-expr","locations":[{"start":{"line":24,"column":23},"end":{"line":24,"column":52}},{"start":{"line":24,"column":56},"end":{"line":24,"column":69}}],"line":24}},"s":{"0":1,"1":1,"2":0,"3":0,"4":0,"5":0,"6":0,"7":0,"8":0,"9":0,"10":0,"11":0,"12":0,"13":0,"14":0,"15":0,"16":0,"17":0,"18":0,"19":0,"20":0,"21":0,"22":0,"23":0,"24":1},"f":{"0":0,"1":0},"b":{"0":[0,0],"1":[0,0],"2":[0,0],"3":[0,0],"4":[0,0]},"_coverageSchema":"1a1c01bbd47fc00a2c39e90264f33305004495a9","hash":"879843d3e9c793f133220a262cce85a26be3b587"}
,"D:\\Beneficiate\\backend_beneficiate\\src\\utils\\jwt.js": {"path":"D:\\Beneficiate\\backend_beneficiate\\src\\utils\\jwt.js","statementMap":{"0":{"start":{"line":1,"column":12},"end":{"line":1,"column":35}},"1":{"start":{"line":2,"column":0},"end":{"line":2,"column":27}},"2":{"start":{"line":4,"column":28},"end":{"line":6,"column":1}},"3":{"start":{"line":5,"column":2},"end":{"line":5,"column":72}},"4":{"start":{"line":8,"column":29},"end":{"line":10,"column":1}},"5":{"start":{"line":9,"column":2},"end":{"line":9,"column":81}},"6":{"start":{"line":12,"column":20},"end":{"line":18,"column":1}},"7":{"start":{"line":13,"column":2},"end":{"line":17,"column":3}},"8":{"start":{"line":14,"column":4},"end":{"line":14,"column":37}},"9":{"start":{"line":16,"column":4},"end":{"line":16,"column":16}},"10":{"start":{"line":21,"column":34},"end":{"line":27,"column":1}},"11":{"start":{"line":22,"column":2},"end":{"line":26,"column":4}},"12":{"start":{"line":29,"column":0},"end":{"line":29,"column":103}}},"fnMap":{"0":{"name":"(anonymous_0)","decl":{"start":{"line":4,"column":28},"end":{"line":4,"column":29}},"loc":{"start":{"line":4,"column":41},"end":{"line":6,"column":1}},"line":4},"1":{"name":"(anonymous_1)","decl":{"start":{"line":8,"column":29},"end":{"line":8,"column":30}},"loc":{"start":{"line":8,"column":42},"end":{"line":10,"column":1}},"line":8},"2":{"name":"(anonymous_2)","decl":{"start":{"line":12,"column":20},"end":{"line":12,"column":21}},"loc":{"start":{"line":12,"column":39},"end":{"line":18,"column":1}},"line":12},"3":{"name":"(anonymous_3)","decl":{"start":{"line":21,"column":34},"end":{"line":21,"column":35}},"loc":{"start":{"line":21,"column":44},"end":{"line":27,"column":1}},"line":21}},"branchMap":{},"s":{"0":1,"1":1,"2":1,"3":0,"4":1,"5":0,"6":1,"7":0,"8":0,"9":0,"10":1,"11":0,"12":1},"f":{"0":0,"1":0,"2":0,"3":0},"b":{},"_coverageSchema":"1a1c01bbd47fc00a2c39e90264f33305004495a9","hash":"bbfebbd8f06754c97fe85144b80c44056e1d7772"}
,"D:\\Beneficiate\\backend_beneficiate\\src\\utils\\whatsapp.messages.js": {"path":"D:\\Beneficiate\\backend_beneficiate\\src\\utils\\whatsapp.messages.js","statementMap":{"0":{"start":{"line":1,"column":36},"end":{"line":2,"column":150}},"1":{"start":{"line":2,"column":2},"end":{"line":2,"column":150}},"2":{"start":{"line":4,"column":36},"end":{"line":5,"column":121}},"3":{"start":{"line":5,"column":2},"end":{"line":5,"column":121}},"4":{"start":{"line":7,"column":34},"end":{"line":14,"column":147}},"5":{"start":{"line":14,"column":2},"end":{"line":14,"column":147}},"6":{"start":{"line":16,"column":32},"end":{"line":17,"column":131}},"7":{"start":{"line":17,"column":2},"end":{"line":17,"column":131}},"8":{"start":{"line":19,"column":0},"end":{"line":24,"column":2}}},"fnMap":{"0":{"name":"(anonymous_0)","decl":{"start":{"line":1,"column":36},"end":{"line":1,"column":37}},"loc":{"start":{"line":2,"column":2},"end":{"line":2,"column":150}},"line":2},"1":{"name":"(anonymous_1)","decl":{"start":{"line":4,"column":36},"end":{"line":4,"column":37}},"loc":{"start":{"line":5,"column":2},"end":{"line":5,"column":121}},"line":5},"2":{"name":"(anonymous_2)","decl":{"start":{"line":7,"column":34},"end":{"line":7,"column":35}},"loc":{"start":{"line":14,"column":2},"end":{"line":14,"column":147}},"line":14},"3":{"name":"(anonymous_3)","decl":{"start":{"line":16,"column":32},"end":{"line":16,"column":33}},"loc":{"start":{"line":17,"column":2},"end":{"line":17,"column":131}},"line":17}},"branchMap":{},"s":{"0":1,"1":0,"2":1,"3":0,"4":1,"5":0,"6":1,"7":0,"8":1},"f":{"0":0,"1":0,"2":0,"3":0},"b":{},"_coverageSchema":"1a1c01bbd47fc00a2c39e90264f33305004495a9","hash":"f538f60fca561967569ec60e5b1b16dc2bc16f4f"}
}
